

Started GET "/" for 127.0.0.1 at 2014-03-03 17:33:29 +0100

Mysql2::Error (Access denied for user 'shop'@'localhost' (using password: YES)):
  mysql2 (0.3.15) lib/mysql2/client.rb:67:in `connect'
  mysql2 (0.3.15) lib/mysql2/client.rb:67:in `initialize'
  activerecord (4.1.0.rc1) lib/active_record/connection_adapters/mysql2_adapter.rb:18:in `new'
  activerecord (4.1.0.rc1) lib/active_record/connection_adapters/mysql2_adapter.rb:18:in `mysql2_connection'
  activerecord (4.1.0.rc1) lib/active_record/connection_adapters/abstract/connection_pool.rb:435:in `new_connection'
  activerecord (4.1.0.rc1) lib/active_record/connection_adapters/abstract/connection_pool.rb:445:in `checkout_new_connection'
  activerecord (4.1.0.rc1) lib/active_record/connection_adapters/abstract/connection_pool.rb:416:in `acquire_connection'
  activerecord (4.1.0.rc1) lib/active_record/connection_adapters/abstract/connection_pool.rb:351:in `block in checkout'
  /home/rebeca/.rvm/rubies/ruby-2.1.0/lib/ruby/2.1.0/monitor.rb:211:in `mon_synchronize'
  activerecord (4.1.0.rc1) lib/active_record/connection_adapters/abstract/connection_pool.rb:350:in `checkout'
  activerecord (4.1.0.rc1) lib/active_record/connection_adapters/abstract/connection_pool.rb:265:in `block in connection'
  /home/rebeca/.rvm/rubies/ruby-2.1.0/lib/ruby/2.1.0/monitor.rb:211:in `mon_synchronize'
  activerecord (4.1.0.rc1) lib/active_record/connection_adapters/abstract/connection_pool.rb:264:in `connection'
  activerecord (4.1.0.rc1) lib/active_record/connection_adapters/abstract/connection_pool.rb:541:in `retrieve_connection'
  activerecord (4.1.0.rc1) lib/active_record/connection_handling.rb:140:in `retrieve_connection'
  activerecord (4.1.0.rc1) lib/active_record/connection_handling.rb:114:in `connection'
  activerecord (4.1.0.rc1) lib/active_record/migration.rb:388:in `check_pending!'
  activerecord (4.1.0.rc1) lib/active_record/migration.rb:377:in `call'
  actionpack (4.1.0.rc1) lib/action_dispatch/middleware/callbacks.rb:29:in `block in call'
  activesupport (4.1.0.rc1) lib/active_support/callbacks.rb:82:in `run_callbacks'
  actionpack (4.1.0.rc1) lib/action_dispatch/middleware/callbacks.rb:27:in `call'
  actionpack (4.1.0.rc1) lib/action_dispatch/middleware/reloader.rb:73:in `call'
  actionpack (4.1.0.rc1) lib/action_dispatch/middleware/remote_ip.rb:76:in `call'
  actionpack (4.1.0.rc1) lib/action_dispatch/middleware/debug_exceptions.rb:17:in `call'
  actionpack (4.1.0.rc1) lib/action_dispatch/middleware/show_exceptions.rb:30:in `call'
  railties (4.1.0.rc1) lib/rails/rack/logger.rb:38:in `call_app'
  railties (4.1.0.rc1) lib/rails/rack/logger.rb:20:in `block in call'
  activesupport (4.1.0.rc1) lib/active_support/tagged_logging.rb:68:in `block in tagged'
  activesupport (4.1.0.rc1) lib/active_support/tagged_logging.rb:26:in `tagged'
  activesupport (4.1.0.rc1) lib/active_support/tagged_logging.rb:68:in `tagged'
  railties (4.1.0.rc1) lib/rails/rack/logger.rb:20:in `call'
  actionpack (4.1.0.rc1) lib/action_dispatch/middleware/request_id.rb:21:in `call'
  rack (1.5.2) lib/rack/methodoverride.rb:21:in `call'
  rack (1.5.2) lib/rack/runtime.rb:17:in `call'
  activesupport (4.1.0.rc1) lib/active_support/cache/strategy/local_cache.rb:87:in `call'
  rack (1.5.2) lib/rack/lock.rb:17:in `call'
  actionpack (4.1.0.rc1) lib/action_dispatch/middleware/static.rb:64:in `call'
  rack (1.5.2) lib/rack/sendfile.rb:112:in `call'
  railties (4.1.0.rc1) lib/rails/engine.rb:515:in `call'
  railties (4.1.0.rc1) lib/rails/application.rb:142:in `call'
  rack (1.5.2) lib/rack/lock.rb:17:in `call'
  rack (1.5.2) lib/rack/content_length.rb:14:in `call'
  rack (1.5.2) lib/rack/handler/webrick.rb:60:in `service'
  /home/rebeca/.rvm/rubies/ruby-2.1.0/lib/ruby/2.1.0/webrick/httpserver.rb:138:in `service'
  /home/rebeca/.rvm/rubies/ruby-2.1.0/lib/ruby/2.1.0/webrick/httpserver.rb:94:in `run'
  /home/rebeca/.rvm/rubies/ruby-2.1.0/lib/ruby/2.1.0/webrick/server.rb:295:in `block in start_thread'


  Rendered /home/rebeca/.rvm/gems/ruby-2.1.0/gems/actionpack-4.1.0.rc1/lib/action_dispatch/middleware/templates/rescues/_source.erb (0.5ms)
  Rendered /home/rebeca/.rvm/gems/ruby-2.1.0/gems/actionpack-4.1.0.rc1/lib/action_dispatch/middleware/templates/rescues/_trace.html.erb (0.9ms)
  Rendered /home/rebeca/.rvm/gems/ruby-2.1.0/gems/actionpack-4.1.0.rc1/lib/action_dispatch/middleware/templates/rescues/_request_and_response.html.erb (0.8ms)
  Rendered /home/rebeca/.rvm/gems/ruby-2.1.0/gems/actionpack-4.1.0.rc1/lib/action_dispatch/middleware/templates/rescues/diagnostics.erb within rescues/layout (24.7ms)


Started GET "/" for 127.0.0.1 at 2014-03-03 17:46:30 +0100

Gem::LoadError (Specified 'postgresql' for database adapter, but the gem is not loaded. Add `gem 'pg'` to your Gemfile (and ensure its version is at the minimum required by ActiveRecord).):
  activerecord (4.1.0.rc1) lib/active_record/connection_adapters/connection_specification.rb:163:in `rescue in spec'
  activerecord (4.1.0.rc1) lib/active_record/connection_adapters/connection_specification.rb:160:in `spec'
  activerecord (4.1.0.rc1) lib/active_record/connection_handling.rb:50:in `establish_connection'
  activerecord (4.1.0.rc1) lib/active_record/railtie.rb:129:in `block (2 levels) in <class:Railtie>'
  activesupport (4.1.0.rc1) lib/active_support/lazy_load_hooks.rb:38:in `instance_eval'
  activesupport (4.1.0.rc1) lib/active_support/lazy_load_hooks.rb:38:in `execute_hook'
  activesupport (4.1.0.rc1) lib/active_support/lazy_load_hooks.rb:45:in `block in run_load_hooks'
  activesupport (4.1.0.rc1) lib/active_support/lazy_load_hooks.rb:44:in `each'
  activesupport (4.1.0.rc1) lib/active_support/lazy_load_hooks.rb:44:in `run_load_hooks'
  activerecord (4.1.0.rc1) lib/active_record/base.rb:326:in `<module:ActiveRecord>'
  activerecord (4.1.0.rc1) lib/active_record/base.rb:23:in `<top (required)>'
  activerecord (4.1.0.rc1) lib/active_record/migration.rb:388:in `check_pending!'
  activerecord (4.1.0.rc1) lib/active_record/migration.rb:377:in `call'
  actionpack (4.1.0.rc1) lib/action_dispatch/middleware/callbacks.rb:29:in `block in call'
  activesupport (4.1.0.rc1) lib/active_support/callbacks.rb:82:in `run_callbacks'
  actionpack (4.1.0.rc1) lib/action_dispatch/middleware/callbacks.rb:27:in `call'
  actionpack (4.1.0.rc1) lib/action_dispatch/middleware/reloader.rb:73:in `call'
  actionpack (4.1.0.rc1) lib/action_dispatch/middleware/remote_ip.rb:76:in `call'
  actionpack (4.1.0.rc1) lib/action_dispatch/middleware/debug_exceptions.rb:17:in `call'
  actionpack (4.1.0.rc1) lib/action_dispatch/middleware/show_exceptions.rb:30:in `call'
  railties (4.1.0.rc1) lib/rails/rack/logger.rb:38:in `call_app'
  railties (4.1.0.rc1) lib/rails/rack/logger.rb:20:in `block in call'
  activesupport (4.1.0.rc1) lib/active_support/tagged_logging.rb:68:in `block in tagged'
  activesupport (4.1.0.rc1) lib/active_support/tagged_logging.rb:26:in `tagged'
  activesupport (4.1.0.rc1) lib/active_support/tagged_logging.rb:68:in `tagged'
  railties (4.1.0.rc1) lib/rails/rack/logger.rb:20:in `call'
  actionpack (4.1.0.rc1) lib/action_dispatch/middleware/request_id.rb:21:in `call'
  rack (1.5.2) lib/rack/methodoverride.rb:21:in `call'
  rack (1.5.2) lib/rack/runtime.rb:17:in `call'
  activesupport (4.1.0.rc1) lib/active_support/cache/strategy/local_cache.rb:87:in `call'
  rack (1.5.2) lib/rack/lock.rb:17:in `call'
  actionpack (4.1.0.rc1) lib/action_dispatch/middleware/static.rb:64:in `call'
  rack (1.5.2) lib/rack/sendfile.rb:112:in `call'
  railties (4.1.0.rc1) lib/rails/engine.rb:515:in `call'
  railties (4.1.0.rc1) lib/rails/application.rb:142:in `call'
  rack (1.5.2) lib/rack/lock.rb:17:in `call'
  rack (1.5.2) lib/rack/content_length.rb:14:in `call'
  rack (1.5.2) lib/rack/handler/webrick.rb:60:in `service'
  /home/rebeca/.rvm/rubies/ruby-2.1.0/lib/ruby/2.1.0/webrick/httpserver.rb:138:in `service'
  /home/rebeca/.rvm/rubies/ruby-2.1.0/lib/ruby/2.1.0/webrick/httpserver.rb:94:in `run'
  /home/rebeca/.rvm/rubies/ruby-2.1.0/lib/ruby/2.1.0/webrick/server.rb:295:in `block in start_thread'


  Rendered /home/rebeca/.rvm/gems/ruby-2.1.0/gems/actionpack-4.1.0.rc1/lib/action_dispatch/middleware/templates/rescues/_source.erb (0.8ms)
  Rendered /home/rebeca/.rvm/gems/ruby-2.1.0/gems/actionpack-4.1.0.rc1/lib/action_dispatch/middleware/templates/rescues/_trace.html.erb (1.5ms)
  Rendered /home/rebeca/.rvm/gems/ruby-2.1.0/gems/actionpack-4.1.0.rc1/lib/action_dispatch/middleware/templates/rescues/_request_and_response.html.erb (0.9ms)
  Rendered /home/rebeca/.rvm/gems/ruby-2.1.0/gems/actionpack-4.1.0.rc1/lib/action_dispatch/middleware/templates/rescues/diagnostics.erb within rescues/layout (29.5ms)


Started GET "/" for 127.0.0.1 at 2014-03-03 17:51:21 +0100

PG::ConnectionBad (FATAL:  Peer authentication failed for user "shop"
):
  activerecord (4.1.0.rc1) lib/active_record/connection_adapters/postgresql_adapter.rb:881:in `initialize'
  activerecord (4.1.0.rc1) lib/active_record/connection_adapters/postgresql_adapter.rb:881:in `new'
  activerecord (4.1.0.rc1) lib/active_record/connection_adapters/postgresql_adapter.rb:881:in `connect'
  activerecord (4.1.0.rc1) lib/active_record/connection_adapters/postgresql_adapter.rb:568:in `initialize'
  activerecord (4.1.0.rc1) lib/active_record/connection_adapters/postgresql_adapter.rb:41:in `new'
  activerecord (4.1.0.rc1) lib/active_record/connection_adapters/postgresql_adapter.rb:41:in `postgresql_connection'
  activerecord (4.1.0.rc1) lib/active_record/connection_adapters/abstract/connection_pool.rb:435:in `new_connection'
  activerecord (4.1.0.rc1) lib/active_record/connection_adapters/abstract/connection_pool.rb:445:in `checkout_new_connection'
  activerecord (4.1.0.rc1) lib/active_record/connection_adapters/abstract/connection_pool.rb:416:in `acquire_connection'
  activerecord (4.1.0.rc1) lib/active_record/connection_adapters/abstract/connection_pool.rb:351:in `block in checkout'
  /home/rebeca/.rvm/rubies/ruby-2.1.0/lib/ruby/2.1.0/monitor.rb:211:in `mon_synchronize'
  activerecord (4.1.0.rc1) lib/active_record/connection_adapters/abstract/connection_pool.rb:350:in `checkout'
  activerecord (4.1.0.rc1) lib/active_record/connection_adapters/abstract/connection_pool.rb:265:in `block in connection'
  /home/rebeca/.rvm/rubies/ruby-2.1.0/lib/ruby/2.1.0/monitor.rb:211:in `mon_synchronize'
  activerecord (4.1.0.rc1) lib/active_record/connection_adapters/abstract/connection_pool.rb:264:in `connection'
  activerecord (4.1.0.rc1) lib/active_record/connection_adapters/abstract/connection_pool.rb:541:in `retrieve_connection'
  activerecord (4.1.0.rc1) lib/active_record/connection_handling.rb:140:in `retrieve_connection'
  activerecord (4.1.0.rc1) lib/active_record/connection_handling.rb:114:in `connection'
  activerecord (4.1.0.rc1) lib/active_record/migration.rb:388:in `check_pending!'
  activerecord (4.1.0.rc1) lib/active_record/migration.rb:377:in `call'
  actionpack (4.1.0.rc1) lib/action_dispatch/middleware/callbacks.rb:29:in `block in call'
  activesupport (4.1.0.rc1) lib/active_support/callbacks.rb:82:in `run_callbacks'
  actionpack (4.1.0.rc1) lib/action_dispatch/middleware/callbacks.rb:27:in `call'
  actionpack (4.1.0.rc1) lib/action_dispatch/middleware/reloader.rb:73:in `call'
  actionpack (4.1.0.rc1) lib/action_dispatch/middleware/remote_ip.rb:76:in `call'
  actionpack (4.1.0.rc1) lib/action_dispatch/middleware/debug_exceptions.rb:17:in `call'
  actionpack (4.1.0.rc1) lib/action_dispatch/middleware/show_exceptions.rb:30:in `call'
  railties (4.1.0.rc1) lib/rails/rack/logger.rb:38:in `call_app'
  railties (4.1.0.rc1) lib/rails/rack/logger.rb:20:in `block in call'
  activesupport (4.1.0.rc1) lib/active_support/tagged_logging.rb:68:in `block in tagged'
  activesupport (4.1.0.rc1) lib/active_support/tagged_logging.rb:26:in `tagged'
  activesupport (4.1.0.rc1) lib/active_support/tagged_logging.rb:68:in `tagged'
  railties (4.1.0.rc1) lib/rails/rack/logger.rb:20:in `call'
  actionpack (4.1.0.rc1) lib/action_dispatch/middleware/request_id.rb:21:in `call'
  rack (1.5.2) lib/rack/methodoverride.rb:21:in `call'
  rack (1.5.2) lib/rack/runtime.rb:17:in `call'
  activesupport (4.1.0.rc1) lib/active_support/cache/strategy/local_cache.rb:87:in `call'
  rack (1.5.2) lib/rack/lock.rb:17:in `call'
  actionpack (4.1.0.rc1) lib/action_dispatch/middleware/static.rb:64:in `call'
  rack (1.5.2) lib/rack/sendfile.rb:112:in `call'
  railties (4.1.0.rc1) lib/rails/engine.rb:515:in `call'
  railties (4.1.0.rc1) lib/rails/application.rb:142:in `call'
  rack (1.5.2) lib/rack/lock.rb:17:in `call'
  rack (1.5.2) lib/rack/content_length.rb:14:in `call'
  rack (1.5.2) lib/rack/handler/webrick.rb:60:in `service'
  /home/rebeca/.rvm/rubies/ruby-2.1.0/lib/ruby/2.1.0/webrick/httpserver.rb:138:in `service'
  /home/rebeca/.rvm/rubies/ruby-2.1.0/lib/ruby/2.1.0/webrick/httpserver.rb:94:in `run'
  /home/rebeca/.rvm/rubies/ruby-2.1.0/lib/ruby/2.1.0/webrick/server.rb:295:in `block in start_thread'


  Rendered /home/rebeca/.rvm/gems/ruby-2.1.0/gems/actionpack-4.1.0.rc1/lib/action_dispatch/middleware/templates/rescues/_source.erb (0.5ms)
  Rendered /home/rebeca/.rvm/gems/ruby-2.1.0/gems/actionpack-4.1.0.rc1/lib/action_dispatch/middleware/templates/rescues/_trace.html.erb (0.9ms)
  Rendered /home/rebeca/.rvm/gems/ruby-2.1.0/gems/actionpack-4.1.0.rc1/lib/action_dispatch/middleware/templates/rescues/_request_and_response.html.erb (1.1ms)
  Rendered /home/rebeca/.rvm/gems/ruby-2.1.0/gems/actionpack-4.1.0.rc1/lib/action_dispatch/middleware/templates/rescues/diagnostics.erb within rescues/layout (11.2ms)


Started GET "/" for 127.0.0.1 at 2014-03-03 18:22:04 +0100

Gem::LoadError (Specified 'postgresql' for database adapter, but the gem is not loaded. Add `gem 'pg'` to your Gemfile (and ensure its version is at the minimum required by ActiveRecord).):
  activerecord (4.1.0.rc1) lib/active_record/connection_adapters/connection_specification.rb:163:in `rescue in spec'
  activerecord (4.1.0.rc1) lib/active_record/connection_adapters/connection_specification.rb:160:in `spec'
  activerecord (4.1.0.rc1) lib/active_record/connection_handling.rb:50:in `establish_connection'
  activerecord (4.1.0.rc1) lib/active_record/railtie.rb:129:in `block (2 levels) in <class:Railtie>'
  activesupport (4.1.0.rc1) lib/active_support/lazy_load_hooks.rb:38:in `instance_eval'
  activesupport (4.1.0.rc1) lib/active_support/lazy_load_hooks.rb:38:in `execute_hook'
  activesupport (4.1.0.rc1) lib/active_support/lazy_load_hooks.rb:45:in `block in run_load_hooks'
  activesupport (4.1.0.rc1) lib/active_support/lazy_load_hooks.rb:44:in `each'
  activesupport (4.1.0.rc1) lib/active_support/lazy_load_hooks.rb:44:in `run_load_hooks'
  activerecord (4.1.0.rc1) lib/active_record/base.rb:326:in `<module:ActiveRecord>'
  activerecord (4.1.0.rc1) lib/active_record/base.rb:23:in `<top (required)>'
  activerecord (4.1.0.rc1) lib/active_record/migration.rb:388:in `check_pending!'
  activerecord (4.1.0.rc1) lib/active_record/migration.rb:377:in `call'
  actionpack (4.1.0.rc1) lib/action_dispatch/middleware/callbacks.rb:29:in `block in call'
  activesupport (4.1.0.rc1) lib/active_support/callbacks.rb:82:in `run_callbacks'
  actionpack (4.1.0.rc1) lib/action_dispatch/middleware/callbacks.rb:27:in `call'
  actionpack (4.1.0.rc1) lib/action_dispatch/middleware/reloader.rb:73:in `call'
  actionpack (4.1.0.rc1) lib/action_dispatch/middleware/remote_ip.rb:76:in `call'
  actionpack (4.1.0.rc1) lib/action_dispatch/middleware/debug_exceptions.rb:17:in `call'
  actionpack (4.1.0.rc1) lib/action_dispatch/middleware/show_exceptions.rb:30:in `call'
  railties (4.1.0.rc1) lib/rails/rack/logger.rb:38:in `call_app'
  railties (4.1.0.rc1) lib/rails/rack/logger.rb:20:in `block in call'
  activesupport (4.1.0.rc1) lib/active_support/tagged_logging.rb:68:in `block in tagged'
  activesupport (4.1.0.rc1) lib/active_support/tagged_logging.rb:26:in `tagged'
  activesupport (4.1.0.rc1) lib/active_support/tagged_logging.rb:68:in `tagged'
  railties (4.1.0.rc1) lib/rails/rack/logger.rb:20:in `call'
  actionpack (4.1.0.rc1) lib/action_dispatch/middleware/request_id.rb:21:in `call'
  rack (1.5.2) lib/rack/methodoverride.rb:21:in `call'
  rack (1.5.2) lib/rack/runtime.rb:17:in `call'
  activesupport (4.1.0.rc1) lib/active_support/cache/strategy/local_cache.rb:87:in `call'
  rack (1.5.2) lib/rack/lock.rb:17:in `call'
  actionpack (4.1.0.rc1) lib/action_dispatch/middleware/static.rb:64:in `call'
  rack (1.5.2) lib/rack/sendfile.rb:112:in `call'
  railties (4.1.0.rc1) lib/rails/engine.rb:515:in `call'
  railties (4.1.0.rc1) lib/rails/application.rb:142:in `call'
  rack (1.5.2) lib/rack/lock.rb:17:in `call'
  rack (1.5.2) lib/rack/content_length.rb:14:in `call'
  rack (1.5.2) lib/rack/handler/webrick.rb:60:in `service'
  /home/rebeca/.rvm/rubies/ruby-2.1.0/lib/ruby/2.1.0/webrick/httpserver.rb:138:in `service'
  /home/rebeca/.rvm/rubies/ruby-2.1.0/lib/ruby/2.1.0/webrick/httpserver.rb:94:in `run'
  /home/rebeca/.rvm/rubies/ruby-2.1.0/lib/ruby/2.1.0/webrick/server.rb:295:in `block in start_thread'


  Rendered /home/rebeca/.rvm/gems/ruby-2.1.0/gems/actionpack-4.1.0.rc1/lib/action_dispatch/middleware/templates/rescues/_source.erb (0.5ms)
  Rendered /home/rebeca/.rvm/gems/ruby-2.1.0/gems/actionpack-4.1.0.rc1/lib/action_dispatch/middleware/templates/rescues/_trace.html.erb (1.4ms)
  Rendered /home/rebeca/.rvm/gems/ruby-2.1.0/gems/actionpack-4.1.0.rc1/lib/action_dispatch/middleware/templates/rescues/_request_and_response.html.erb (1.0ms)
  Rendered /home/rebeca/.rvm/gems/ruby-2.1.0/gems/actionpack-4.1.0.rc1/lib/action_dispatch/middleware/templates/rescues/diagnostics.erb within rescues/layout (15.2ms)


Started GET "/" for 127.0.0.1 at 2014-03-03 18:58:37 +0100

PG::ConnectionBad (FATAL:  Peer authentication failed for user "shop"
):
  activerecord (4.1.0.rc1) lib/active_record/connection_adapters/postgresql_adapter.rb:881:in `initialize'
  activerecord (4.1.0.rc1) lib/active_record/connection_adapters/postgresql_adapter.rb:881:in `new'
  activerecord (4.1.0.rc1) lib/active_record/connection_adapters/postgresql_adapter.rb:881:in `connect'
  activerecord (4.1.0.rc1) lib/active_record/connection_adapters/postgresql_adapter.rb:568:in `initialize'
  activerecord (4.1.0.rc1) lib/active_record/connection_adapters/postgresql_adapter.rb:41:in `new'
  activerecord (4.1.0.rc1) lib/active_record/connection_adapters/postgresql_adapter.rb:41:in `postgresql_connection'
  activerecord (4.1.0.rc1) lib/active_record/connection_adapters/abstract/connection_pool.rb:435:in `new_connection'
  activerecord (4.1.0.rc1) lib/active_record/connection_adapters/abstract/connection_pool.rb:445:in `checkout_new_connection'
  activerecord (4.1.0.rc1) lib/active_record/connection_adapters/abstract/connection_pool.rb:416:in `acquire_connection'
  activerecord (4.1.0.rc1) lib/active_record/connection_adapters/abstract/connection_pool.rb:351:in `block in checkout'
  /home/rebeca/.rvm/rubies/ruby-2.1.0/lib/ruby/2.1.0/monitor.rb:211:in `mon_synchronize'
  activerecord (4.1.0.rc1) lib/active_record/connection_adapters/abstract/connection_pool.rb:350:in `checkout'
  activerecord (4.1.0.rc1) lib/active_record/connection_adapters/abstract/connection_pool.rb:265:in `block in connection'
  /home/rebeca/.rvm/rubies/ruby-2.1.0/lib/ruby/2.1.0/monitor.rb:211:in `mon_synchronize'
  activerecord (4.1.0.rc1) lib/active_record/connection_adapters/abstract/connection_pool.rb:264:in `connection'
  activerecord (4.1.0.rc1) lib/active_record/connection_adapters/abstract/connection_pool.rb:541:in `retrieve_connection'
  activerecord (4.1.0.rc1) lib/active_record/connection_handling.rb:140:in `retrieve_connection'
  activerecord (4.1.0.rc1) lib/active_record/connection_handling.rb:114:in `connection'
  activerecord (4.1.0.rc1) lib/active_record/migration.rb:388:in `check_pending!'
  activerecord (4.1.0.rc1) lib/active_record/migration.rb:377:in `call'
  actionpack (4.1.0.rc1) lib/action_dispatch/middleware/callbacks.rb:29:in `block in call'
  activesupport (4.1.0.rc1) lib/active_support/callbacks.rb:82:in `run_callbacks'
  actionpack (4.1.0.rc1) lib/action_dispatch/middleware/callbacks.rb:27:in `call'
  actionpack (4.1.0.rc1) lib/action_dispatch/middleware/reloader.rb:73:in `call'
  actionpack (4.1.0.rc1) lib/action_dispatch/middleware/remote_ip.rb:76:in `call'
  actionpack (4.1.0.rc1) lib/action_dispatch/middleware/debug_exceptions.rb:17:in `call'
  actionpack (4.1.0.rc1) lib/action_dispatch/middleware/show_exceptions.rb:30:in `call'
  railties (4.1.0.rc1) lib/rails/rack/logger.rb:38:in `call_app'
  railties (4.1.0.rc1) lib/rails/rack/logger.rb:20:in `block in call'
  activesupport (4.1.0.rc1) lib/active_support/tagged_logging.rb:68:in `block in tagged'
  activesupport (4.1.0.rc1) lib/active_support/tagged_logging.rb:26:in `tagged'
  activesupport (4.1.0.rc1) lib/active_support/tagged_logging.rb:68:in `tagged'
  railties (4.1.0.rc1) lib/rails/rack/logger.rb:20:in `call'
  actionpack (4.1.0.rc1) lib/action_dispatch/middleware/request_id.rb:21:in `call'
  rack (1.5.2) lib/rack/methodoverride.rb:21:in `call'
  rack (1.5.2) lib/rack/runtime.rb:17:in `call'
  activesupport (4.1.0.rc1) lib/active_support/cache/strategy/local_cache.rb:87:in `call'
  rack (1.5.2) lib/rack/lock.rb:17:in `call'
  actionpack (4.1.0.rc1) lib/action_dispatch/middleware/static.rb:64:in `call'
  rack (1.5.2) lib/rack/sendfile.rb:112:in `call'
  railties (4.1.0.rc1) lib/rails/engine.rb:515:in `call'
  railties (4.1.0.rc1) lib/rails/application.rb:142:in `call'
  rack (1.5.2) lib/rack/lock.rb:17:in `call'
  rack (1.5.2) lib/rack/content_length.rb:14:in `call'
  rack (1.5.2) lib/rack/handler/webrick.rb:60:in `service'
  /home/rebeca/.rvm/rubies/ruby-2.1.0/lib/ruby/2.1.0/webrick/httpserver.rb:138:in `service'
  /home/rebeca/.rvm/rubies/ruby-2.1.0/lib/ruby/2.1.0/webrick/httpserver.rb:94:in `run'
  /home/rebeca/.rvm/rubies/ruby-2.1.0/lib/ruby/2.1.0/webrick/server.rb:295:in `block in start_thread'


  Rendered /home/rebeca/.rvm/gems/ruby-2.1.0/gems/actionpack-4.1.0.rc1/lib/action_dispatch/middleware/templates/rescues/_source.erb (0.6ms)
  Rendered /home/rebeca/.rvm/gems/ruby-2.1.0/gems/actionpack-4.1.0.rc1/lib/action_dispatch/middleware/templates/rescues/_trace.html.erb (1.4ms)
  Rendered /home/rebeca/.rvm/gems/ruby-2.1.0/gems/actionpack-4.1.0.rc1/lib/action_dispatch/middleware/templates/rescues/_request_and_response.html.erb (1.3ms)
  Rendered /home/rebeca/.rvm/gems/ruby-2.1.0/gems/actionpack-4.1.0.rc1/lib/action_dispatch/middleware/templates/rescues/diagnostics.erb within rescues/layout (15.3ms)


Started GET "/" for 127.0.0.1 at 2014-03-03 19:07:40 +0100

PG::ConnectionBad (FATAL:  Peer authentication failed for user "root"
):
  activerecord (4.1.0.rc1) lib/active_record/connection_adapters/postgresql_adapter.rb:881:in `initialize'
  activerecord (4.1.0.rc1) lib/active_record/connection_adapters/postgresql_adapter.rb:881:in `new'
  activerecord (4.1.0.rc1) lib/active_record/connection_adapters/postgresql_adapter.rb:881:in `connect'
  activerecord (4.1.0.rc1) lib/active_record/connection_adapters/postgresql_adapter.rb:568:in `initialize'
  activerecord (4.1.0.rc1) lib/active_record/connection_adapters/postgresql_adapter.rb:41:in `new'
  activerecord (4.1.0.rc1) lib/active_record/connection_adapters/postgresql_adapter.rb:41:in `postgresql_connection'
  activerecord (4.1.0.rc1) lib/active_record/connection_adapters/abstract/connection_pool.rb:435:in `new_connection'
  activerecord (4.1.0.rc1) lib/active_record/connection_adapters/abstract/connection_pool.rb:445:in `checkout_new_connection'
  activerecord (4.1.0.rc1) lib/active_record/connection_adapters/abstract/connection_pool.rb:416:in `acquire_connection'
  activerecord (4.1.0.rc1) lib/active_record/connection_adapters/abstract/connection_pool.rb:351:in `block in checkout'
  /home/rebeca/.rvm/rubies/ruby-2.1.0/lib/ruby/2.1.0/monitor.rb:211:in `mon_synchronize'
  activerecord (4.1.0.rc1) lib/active_record/connection_adapters/abstract/connection_pool.rb:350:in `checkout'
  activerecord (4.1.0.rc1) lib/active_record/connection_adapters/abstract/connection_pool.rb:265:in `block in connection'
  /home/rebeca/.rvm/rubies/ruby-2.1.0/lib/ruby/2.1.0/monitor.rb:211:in `mon_synchronize'
  activerecord (4.1.0.rc1) lib/active_record/connection_adapters/abstract/connection_pool.rb:264:in `connection'
  activerecord (4.1.0.rc1) lib/active_record/connection_adapters/abstract/connection_pool.rb:541:in `retrieve_connection'
  activerecord (4.1.0.rc1) lib/active_record/connection_handling.rb:140:in `retrieve_connection'
  activerecord (4.1.0.rc1) lib/active_record/connection_handling.rb:114:in `connection'
  activerecord (4.1.0.rc1) lib/active_record/migration.rb:388:in `check_pending!'
  activerecord (4.1.0.rc1) lib/active_record/migration.rb:377:in `call'
  actionpack (4.1.0.rc1) lib/action_dispatch/middleware/callbacks.rb:29:in `block in call'
  activesupport (4.1.0.rc1) lib/active_support/callbacks.rb:82:in `run_callbacks'
  actionpack (4.1.0.rc1) lib/action_dispatch/middleware/callbacks.rb:27:in `call'
  actionpack (4.1.0.rc1) lib/action_dispatch/middleware/reloader.rb:73:in `call'
  actionpack (4.1.0.rc1) lib/action_dispatch/middleware/remote_ip.rb:76:in `call'
  actionpack (4.1.0.rc1) lib/action_dispatch/middleware/debug_exceptions.rb:17:in `call'
  actionpack (4.1.0.rc1) lib/action_dispatch/middleware/show_exceptions.rb:30:in `call'
  railties (4.1.0.rc1) lib/rails/rack/logger.rb:38:in `call_app'
  railties (4.1.0.rc1) lib/rails/rack/logger.rb:20:in `block in call'
  activesupport (4.1.0.rc1) lib/active_support/tagged_logging.rb:68:in `block in tagged'
  activesupport (4.1.0.rc1) lib/active_support/tagged_logging.rb:26:in `tagged'
  activesupport (4.1.0.rc1) lib/active_support/tagged_logging.rb:68:in `tagged'
  railties (4.1.0.rc1) lib/rails/rack/logger.rb:20:in `call'
  actionpack (4.1.0.rc1) lib/action_dispatch/middleware/request_id.rb:21:in `call'
  rack (1.5.2) lib/rack/methodoverride.rb:21:in `call'
  rack (1.5.2) lib/rack/runtime.rb:17:in `call'
  activesupport (4.1.0.rc1) lib/active_support/cache/strategy/local_cache.rb:87:in `call'
  rack (1.5.2) lib/rack/lock.rb:17:in `call'
  actionpack (4.1.0.rc1) lib/action_dispatch/middleware/static.rb:64:in `call'
  rack (1.5.2) lib/rack/sendfile.rb:112:in `call'
  railties (4.1.0.rc1) lib/rails/engine.rb:515:in `call'
  railties (4.1.0.rc1) lib/rails/application.rb:142:in `call'
  rack (1.5.2) lib/rack/lock.rb:17:in `call'
  rack (1.5.2) lib/rack/content_length.rb:14:in `call'
  rack (1.5.2) lib/rack/handler/webrick.rb:60:in `service'
  /home/rebeca/.rvm/rubies/ruby-2.1.0/lib/ruby/2.1.0/webrick/httpserver.rb:138:in `service'
  /home/rebeca/.rvm/rubies/ruby-2.1.0/lib/ruby/2.1.0/webrick/httpserver.rb:94:in `run'
  /home/rebeca/.rvm/rubies/ruby-2.1.0/lib/ruby/2.1.0/webrick/server.rb:295:in `block in start_thread'


  Rendered /home/rebeca/.rvm/gems/ruby-2.1.0/gems/actionpack-4.1.0.rc1/lib/action_dispatch/middleware/templates/rescues/_source.erb (0.8ms)
  Rendered /home/rebeca/.rvm/gems/ruby-2.1.0/gems/actionpack-4.1.0.rc1/lib/action_dispatch/middleware/templates/rescues/_trace.html.erb (1.0ms)
  Rendered /home/rebeca/.rvm/gems/ruby-2.1.0/gems/actionpack-4.1.0.rc1/lib/action_dispatch/middleware/templates/rescues/_request_and_response.html.erb (1.1ms)
  Rendered /home/rebeca/.rvm/gems/ruby-2.1.0/gems/actionpack-4.1.0.rc1/lib/action_dispatch/middleware/templates/rescues/diagnostics.erb within rescues/layout (16.7ms)


Started GET "/" for 127.0.0.1 at 2014-03-03 19:07:41 +0100

PG::ConnectionBad (FATAL:  Peer authentication failed for user "root"
):
  activerecord (4.1.0.rc1) lib/active_record/connection_adapters/postgresql_adapter.rb:881:in `initialize'
  activerecord (4.1.0.rc1) lib/active_record/connection_adapters/postgresql_adapter.rb:881:in `new'
  activerecord (4.1.0.rc1) lib/active_record/connection_adapters/postgresql_adapter.rb:881:in `connect'
  activerecord (4.1.0.rc1) lib/active_record/connection_adapters/postgresql_adapter.rb:568:in `initialize'
  activerecord (4.1.0.rc1) lib/active_record/connection_adapters/postgresql_adapter.rb:41:in `new'
  activerecord (4.1.0.rc1) lib/active_record/connection_adapters/postgresql_adapter.rb:41:in `postgresql_connection'
  activerecord (4.1.0.rc1) lib/active_record/connection_adapters/abstract/connection_pool.rb:435:in `new_connection'
  activerecord (4.1.0.rc1) lib/active_record/connection_adapters/abstract/connection_pool.rb:445:in `checkout_new_connection'
  activerecord (4.1.0.rc1) lib/active_record/connection_adapters/abstract/connection_pool.rb:416:in `acquire_connection'
  activerecord (4.1.0.rc1) lib/active_record/connection_adapters/abstract/connection_pool.rb:351:in `block in checkout'
  /home/rebeca/.rvm/rubies/ruby-2.1.0/lib/ruby/2.1.0/monitor.rb:211:in `mon_synchronize'
  activerecord (4.1.0.rc1) lib/active_record/connection_adapters/abstract/connection_pool.rb:350:in `checkout'
  activerecord (4.1.0.rc1) lib/active_record/connection_adapters/abstract/connection_pool.rb:265:in `block in connection'
  /home/rebeca/.rvm/rubies/ruby-2.1.0/lib/ruby/2.1.0/monitor.rb:211:in `mon_synchronize'
  activerecord (4.1.0.rc1) lib/active_record/connection_adapters/abstract/connection_pool.rb:264:in `connection'
  activerecord (4.1.0.rc1) lib/active_record/connection_adapters/abstract/connection_pool.rb:541:in `retrieve_connection'
  activerecord (4.1.0.rc1) lib/active_record/connection_handling.rb:140:in `retrieve_connection'
  activerecord (4.1.0.rc1) lib/active_record/connection_handling.rb:114:in `connection'
  activerecord (4.1.0.rc1) lib/active_record/migration.rb:388:in `check_pending!'
  activerecord (4.1.0.rc1) lib/active_record/migration.rb:377:in `call'
  actionpack (4.1.0.rc1) lib/action_dispatch/middleware/callbacks.rb:29:in `block in call'
  activesupport (4.1.0.rc1) lib/active_support/callbacks.rb:82:in `run_callbacks'
  actionpack (4.1.0.rc1) lib/action_dispatch/middleware/callbacks.rb:27:in `call'
  actionpack (4.1.0.rc1) lib/action_dispatch/middleware/reloader.rb:73:in `call'
  actionpack (4.1.0.rc1) lib/action_dispatch/middleware/remote_ip.rb:76:in `call'
  actionpack (4.1.0.rc1) lib/action_dispatch/middleware/debug_exceptions.rb:17:in `call'
  actionpack (4.1.0.rc1) lib/action_dispatch/middleware/show_exceptions.rb:30:in `call'
  railties (4.1.0.rc1) lib/rails/rack/logger.rb:38:in `call_app'
  railties (4.1.0.rc1) lib/rails/rack/logger.rb:20:in `block in call'
  activesupport (4.1.0.rc1) lib/active_support/tagged_logging.rb:68:in `block in tagged'
  activesupport (4.1.0.rc1) lib/active_support/tagged_logging.rb:26:in `tagged'
  activesupport (4.1.0.rc1) lib/active_support/tagged_logging.rb:68:in `tagged'
  railties (4.1.0.rc1) lib/rails/rack/logger.rb:20:in `call'
  actionpack (4.1.0.rc1) lib/action_dispatch/middleware/request_id.rb:21:in `call'
  rack (1.5.2) lib/rack/methodoverride.rb:21:in `call'
  rack (1.5.2) lib/rack/runtime.rb:17:in `call'
  activesupport (4.1.0.rc1) lib/active_support/cache/strategy/local_cache.rb:87:in `call'
  rack (1.5.2) lib/rack/lock.rb:17:in `call'
  actionpack (4.1.0.rc1) lib/action_dispatch/middleware/static.rb:64:in `call'
  rack (1.5.2) lib/rack/sendfile.rb:112:in `call'
  railties (4.1.0.rc1) lib/rails/engine.rb:515:in `call'
  railties (4.1.0.rc1) lib/rails/application.rb:142:in `call'
  rack (1.5.2) lib/rack/lock.rb:17:in `call'
  rack (1.5.2) lib/rack/content_length.rb:14:in `call'
  rack (1.5.2) lib/rack/handler/webrick.rb:60:in `service'
  /home/rebeca/.rvm/rubies/ruby-2.1.0/lib/ruby/2.1.0/webrick/httpserver.rb:138:in `service'
  /home/rebeca/.rvm/rubies/ruby-2.1.0/lib/ruby/2.1.0/webrick/httpserver.rb:94:in `run'
  /home/rebeca/.rvm/rubies/ruby-2.1.0/lib/ruby/2.1.0/webrick/server.rb:295:in `block in start_thread'


  Rendered /home/rebeca/.rvm/gems/ruby-2.1.0/gems/actionpack-4.1.0.rc1/lib/action_dispatch/middleware/templates/rescues/_source.erb (0.5ms)
  Rendered /home/rebeca/.rvm/gems/ruby-2.1.0/gems/actionpack-4.1.0.rc1/lib/action_dispatch/middleware/templates/rescues/_trace.html.erb (1.9ms)
  Rendered /home/rebeca/.rvm/gems/ruby-2.1.0/gems/actionpack-4.1.0.rc1/lib/action_dispatch/middleware/templates/rescues/_request_and_response.html.erb (0.8ms)
  Rendered /home/rebeca/.rvm/gems/ruby-2.1.0/gems/actionpack-4.1.0.rc1/lib/action_dispatch/middleware/templates/rescues/diagnostics.erb within rescues/layout (11.9ms)


Started GET "/" for 127.0.0.1 at 2014-03-03 19:07:42 +0100

PG::ConnectionBad (FATAL:  Peer authentication failed for user "root"
):
  activerecord (4.1.0.rc1) lib/active_record/connection_adapters/postgresql_adapter.rb:881:in `initialize'
  activerecord (4.1.0.rc1) lib/active_record/connection_adapters/postgresql_adapter.rb:881:in `new'
  activerecord (4.1.0.rc1) lib/active_record/connection_adapters/postgresql_adapter.rb:881:in `connect'
  activerecord (4.1.0.rc1) lib/active_record/connection_adapters/postgresql_adapter.rb:568:in `initialize'
  activerecord (4.1.0.rc1) lib/active_record/connection_adapters/postgresql_adapter.rb:41:in `new'
  activerecord (4.1.0.rc1) lib/active_record/connection_adapters/postgresql_adapter.rb:41:in `postgresql_connection'
  activerecord (4.1.0.rc1) lib/active_record/connection_adapters/abstract/connection_pool.rb:435:in `new_connection'
  activerecord (4.1.0.rc1) lib/active_record/connection_adapters/abstract/connection_pool.rb:445:in `checkout_new_connection'
  activerecord (4.1.0.rc1) lib/active_record/connection_adapters/abstract/connection_pool.rb:416:in `acquire_connection'
  activerecord (4.1.0.rc1) lib/active_record/connection_adapters/abstract/connection_pool.rb:351:in `block in checkout'
  /home/rebeca/.rvm/rubies/ruby-2.1.0/lib/ruby/2.1.0/monitor.rb:211:in `mon_synchronize'
  activerecord (4.1.0.rc1) lib/active_record/connection_adapters/abstract/connection_pool.rb:350:in `checkout'
  activerecord (4.1.0.rc1) lib/active_record/connection_adapters/abstract/connection_pool.rb:265:in `block in connection'
  /home/rebeca/.rvm/rubies/ruby-2.1.0/lib/ruby/2.1.0/monitor.rb:211:in `mon_synchronize'
  activerecord (4.1.0.rc1) lib/active_record/connection_adapters/abstract/connection_pool.rb:264:in `connection'
  activerecord (4.1.0.rc1) lib/active_record/connection_adapters/abstract/connection_pool.rb:541:in `retrieve_connection'
  activerecord (4.1.0.rc1) lib/active_record/connection_handling.rb:140:in `retrieve_connection'
  activerecord (4.1.0.rc1) lib/active_record/connection_handling.rb:114:in `connection'
  activerecord (4.1.0.rc1) lib/active_record/migration.rb:388:in `check_pending!'
  activerecord (4.1.0.rc1) lib/active_record/migration.rb:377:in `call'
  actionpack (4.1.0.rc1) lib/action_dispatch/middleware/callbacks.rb:29:in `block in call'
  activesupport (4.1.0.rc1) lib/active_support/callbacks.rb:82:in `run_callbacks'
  actionpack (4.1.0.rc1) lib/action_dispatch/middleware/callbacks.rb:27:in `call'
  actionpack (4.1.0.rc1) lib/action_dispatch/middleware/reloader.rb:73:in `call'
  actionpack (4.1.0.rc1) lib/action_dispatch/middleware/remote_ip.rb:76:in `call'
  actionpack (4.1.0.rc1) lib/action_dispatch/middleware/debug_exceptions.rb:17:in `call'
  actionpack (4.1.0.rc1) lib/action_dispatch/middleware/show_exceptions.rb:30:in `call'
  railties (4.1.0.rc1) lib/rails/rack/logger.rb:38:in `call_app'
  railties (4.1.0.rc1) lib/rails/rack/logger.rb:20:in `block in call'
  activesupport (4.1.0.rc1) lib/active_support/tagged_logging.rb:68:in `block in tagged'
  activesupport (4.1.0.rc1) lib/active_support/tagged_logging.rb:26:in `tagged'
  activesupport (4.1.0.rc1) lib/active_support/tagged_logging.rb:68:in `tagged'
  railties (4.1.0.rc1) lib/rails/rack/logger.rb:20:in `call'
  actionpack (4.1.0.rc1) lib/action_dispatch/middleware/request_id.rb:21:in `call'
  rack (1.5.2) lib/rack/methodoverride.rb:21:in `call'
  rack (1.5.2) lib/rack/runtime.rb:17:in `call'
  activesupport (4.1.0.rc1) lib/active_support/cache/strategy/local_cache.rb:87:in `call'
  rack (1.5.2) lib/rack/lock.rb:17:in `call'
  actionpack (4.1.0.rc1) lib/action_dispatch/middleware/static.rb:64:in `call'
  rack (1.5.2) lib/rack/sendfile.rb:112:in `call'
  railties (4.1.0.rc1) lib/rails/engine.rb:515:in `call'
  railties (4.1.0.rc1) lib/rails/application.rb:142:in `call'
  rack (1.5.2) lib/rack/lock.rb:17:in `call'
  rack (1.5.2) lib/rack/content_length.rb:14:in `call'
  rack (1.5.2) lib/rack/handler/webrick.rb:60:in `service'
  /home/rebeca/.rvm/rubies/ruby-2.1.0/lib/ruby/2.1.0/webrick/httpserver.rb:138:in `service'
  /home/rebeca/.rvm/rubies/ruby-2.1.0/lib/ruby/2.1.0/webrick/httpserver.rb:94:in `run'
  /home/rebeca/.rvm/rubies/ruby-2.1.0/lib/ruby/2.1.0/webrick/server.rb:295:in `block in start_thread'


  Rendered /home/rebeca/.rvm/gems/ruby-2.1.0/gems/actionpack-4.1.0.rc1/lib/action_dispatch/middleware/templates/rescues/_source.erb (0.6ms)
  Rendered /home/rebeca/.rvm/gems/ruby-2.1.0/gems/actionpack-4.1.0.rc1/lib/action_dispatch/middleware/templates/rescues/_trace.html.erb (1.0ms)
  Rendered /home/rebeca/.rvm/gems/ruby-2.1.0/gems/actionpack-4.1.0.rc1/lib/action_dispatch/middleware/templates/rescues/_request_and_response.html.erb (0.8ms)
  Rendered /home/rebeca/.rvm/gems/ruby-2.1.0/gems/actionpack-4.1.0.rc1/lib/action_dispatch/middleware/templates/rescues/diagnostics.erb within rescues/layout (10.5ms)


Started GET "/" for 127.0.0.1 at 2014-03-03 19:07:42 +0100

PG::ConnectionBad (FATAL:  Peer authentication failed for user "root"
):
  activerecord (4.1.0.rc1) lib/active_record/connection_adapters/postgresql_adapter.rb:881:in `initialize'
  activerecord (4.1.0.rc1) lib/active_record/connection_adapters/postgresql_adapter.rb:881:in `new'
  activerecord (4.1.0.rc1) lib/active_record/connection_adapters/postgresql_adapter.rb:881:in `connect'
  activerecord (4.1.0.rc1) lib/active_record/connection_adapters/postgresql_adapter.rb:568:in `initialize'
  activerecord (4.1.0.rc1) lib/active_record/connection_adapters/postgresql_adapter.rb:41:in `new'
  activerecord (4.1.0.rc1) lib/active_record/connection_adapters/postgresql_adapter.rb:41:in `postgresql_connection'
  activerecord (4.1.0.rc1) lib/active_record/connection_adapters/abstract/connection_pool.rb:435:in `new_connection'
  activerecord (4.1.0.rc1) lib/active_record/connection_adapters/abstract/connection_pool.rb:445:in `checkout_new_connection'
  activerecord (4.1.0.rc1) lib/active_record/connection_adapters/abstract/connection_pool.rb:416:in `acquire_connection'
  activerecord (4.1.0.rc1) lib/active_record/connection_adapters/abstract/connection_pool.rb:351:in `block in checkout'
  /home/rebeca/.rvm/rubies/ruby-2.1.0/lib/ruby/2.1.0/monitor.rb:211:in `mon_synchronize'
  activerecord (4.1.0.rc1) lib/active_record/connection_adapters/abstract/connection_pool.rb:350:in `checkout'
  activerecord (4.1.0.rc1) lib/active_record/connection_adapters/abstract/connection_pool.rb:265:in `block in connection'
  /home/rebeca/.rvm/rubies/ruby-2.1.0/lib/ruby/2.1.0/monitor.rb:211:in `mon_synchronize'
  activerecord (4.1.0.rc1) lib/active_record/connection_adapters/abstract/connection_pool.rb:264:in `connection'
  activerecord (4.1.0.rc1) lib/active_record/connection_adapters/abstract/connection_pool.rb:541:in `retrieve_connection'
  activerecord (4.1.0.rc1) lib/active_record/connection_handling.rb:140:in `retrieve_connection'
  activerecord (4.1.0.rc1) lib/active_record/connection_handling.rb:114:in `connection'
  activerecord (4.1.0.rc1) lib/active_record/migration.rb:388:in `check_pending!'
  activerecord (4.1.0.rc1) lib/active_record/migration.rb:377:in `call'
  actionpack (4.1.0.rc1) lib/action_dispatch/middleware/callbacks.rb:29:in `block in call'
  activesupport (4.1.0.rc1) lib/active_support/callbacks.rb:82:in `run_callbacks'
  actionpack (4.1.0.rc1) lib/action_dispatch/middleware/callbacks.rb:27:in `call'
  actionpack (4.1.0.rc1) lib/action_dispatch/middleware/reloader.rb:73:in `call'
  actionpack (4.1.0.rc1) lib/action_dispatch/middleware/remote_ip.rb:76:in `call'
  actionpack (4.1.0.rc1) lib/action_dispatch/middleware/debug_exceptions.rb:17:in `call'
  actionpack (4.1.0.rc1) lib/action_dispatch/middleware/show_exceptions.rb:30:in `call'
  railties (4.1.0.rc1) lib/rails/rack/logger.rb:38:in `call_app'
  railties (4.1.0.rc1) lib/rails/rack/logger.rb:20:in `block in call'
  activesupport (4.1.0.rc1) lib/active_support/tagged_logging.rb:68:in `block in tagged'
  activesupport (4.1.0.rc1) lib/active_support/tagged_logging.rb:26:in `tagged'
  activesupport (4.1.0.rc1) lib/active_support/tagged_logging.rb:68:in `tagged'
  railties (4.1.0.rc1) lib/rails/rack/logger.rb:20:in `call'
  actionpack (4.1.0.rc1) lib/action_dispatch/middleware/request_id.rb:21:in `call'
  rack (1.5.2) lib/rack/methodoverride.rb:21:in `call'
  rack (1.5.2) lib/rack/runtime.rb:17:in `call'
  activesupport (4.1.0.rc1) lib/active_support/cache/strategy/local_cache.rb:87:in `call'
  rack (1.5.2) lib/rack/lock.rb:17:in `call'
  actionpack (4.1.0.rc1) lib/action_dispatch/middleware/static.rb:64:in `call'
  rack (1.5.2) lib/rack/sendfile.rb:112:in `call'
  railties (4.1.0.rc1) lib/rails/engine.rb:515:in `call'
  railties (4.1.0.rc1) lib/rails/application.rb:142:in `call'
  rack (1.5.2) lib/rack/lock.rb:17:in `call'
  rack (1.5.2) lib/rack/content_length.rb:14:in `call'
  rack (1.5.2) lib/rack/handler/webrick.rb:60:in `service'
  /home/rebeca/.rvm/rubies/ruby-2.1.0/lib/ruby/2.1.0/webrick/httpserver.rb:138:in `service'
  /home/rebeca/.rvm/rubies/ruby-2.1.0/lib/ruby/2.1.0/webrick/httpserver.rb:94:in `run'
  /home/rebeca/.rvm/rubies/ruby-2.1.0/lib/ruby/2.1.0/webrick/server.rb:295:in `block in start_thread'


  Rendered /home/rebeca/.rvm/gems/ruby-2.1.0/gems/actionpack-4.1.0.rc1/lib/action_dispatch/middleware/templates/rescues/_source.erb (0.5ms)
  Rendered /home/rebeca/.rvm/gems/ruby-2.1.0/gems/actionpack-4.1.0.rc1/lib/action_dispatch/middleware/templates/rescues/_trace.html.erb (0.9ms)
  Rendered /home/rebeca/.rvm/gems/ruby-2.1.0/gems/actionpack-4.1.0.rc1/lib/action_dispatch/middleware/templates/rescues/_request_and_response.html.erb (0.7ms)
  Rendered /home/rebeca/.rvm/gems/ruby-2.1.0/gems/actionpack-4.1.0.rc1/lib/action_dispatch/middleware/templates/rescues/diagnostics.erb within rescues/layout (9.9ms)


Started GET "/" for 127.0.0.1 at 2014-03-03 19:07:42 +0100

PG::ConnectionBad (FATAL:  Peer authentication failed for user "root"
):
  activerecord (4.1.0.rc1) lib/active_record/connection_adapters/postgresql_adapter.rb:881:in `initialize'
  activerecord (4.1.0.rc1) lib/active_record/connection_adapters/postgresql_adapter.rb:881:in `new'
  activerecord (4.1.0.rc1) lib/active_record/connection_adapters/postgresql_adapter.rb:881:in `connect'
  activerecord (4.1.0.rc1) lib/active_record/connection_adapters/postgresql_adapter.rb:568:in `initialize'
  activerecord (4.1.0.rc1) lib/active_record/connection_adapters/postgresql_adapter.rb:41:in `new'
  activerecord (4.1.0.rc1) lib/active_record/connection_adapters/postgresql_adapter.rb:41:in `postgresql_connection'
  activerecord (4.1.0.rc1) lib/active_record/connection_adapters/abstract/connection_pool.rb:435:in `new_connection'
  activerecord (4.1.0.rc1) lib/active_record/connection_adapters/abstract/connection_pool.rb:445:in `checkout_new_connection'
  activerecord (4.1.0.rc1) lib/active_record/connection_adapters/abstract/connection_pool.rb:416:in `acquire_connection'
  activerecord (4.1.0.rc1) lib/active_record/connection_adapters/abstract/connection_pool.rb:351:in `block in checkout'
  /home/rebeca/.rvm/rubies/ruby-2.1.0/lib/ruby/2.1.0/monitor.rb:211:in `mon_synchronize'
  activerecord (4.1.0.rc1) lib/active_record/connection_adapters/abstract/connection_pool.rb:350:in `checkout'
  activerecord (4.1.0.rc1) lib/active_record/connection_adapters/abstract/connection_pool.rb:265:in `block in connection'
  /home/rebeca/.rvm/rubies/ruby-2.1.0/lib/ruby/2.1.0/monitor.rb:211:in `mon_synchronize'
  activerecord (4.1.0.rc1) lib/active_record/connection_adapters/abstract/connection_pool.rb:264:in `connection'
  activerecord (4.1.0.rc1) lib/active_record/connection_adapters/abstract/connection_pool.rb:541:in `retrieve_connection'
  activerecord (4.1.0.rc1) lib/active_record/connection_handling.rb:140:in `retrieve_connection'
  activerecord (4.1.0.rc1) lib/active_record/connection_handling.rb:114:in `connection'
  activerecord (4.1.0.rc1) lib/active_record/migration.rb:388:in `check_pending!'
  activerecord (4.1.0.rc1) lib/active_record/migration.rb:377:in `call'
  actionpack (4.1.0.rc1) lib/action_dispatch/middleware/callbacks.rb:29:in `block in call'
  activesupport (4.1.0.rc1) lib/active_support/callbacks.rb:82:in `run_callbacks'
  actionpack (4.1.0.rc1) lib/action_dispatch/middleware/callbacks.rb:27:in `call'
  actionpack (4.1.0.rc1) lib/action_dispatch/middleware/reloader.rb:73:in `call'
  actionpack (4.1.0.rc1) lib/action_dispatch/middleware/remote_ip.rb:76:in `call'
  actionpack (4.1.0.rc1) lib/action_dispatch/middleware/debug_exceptions.rb:17:in `call'
  actionpack (4.1.0.rc1) lib/action_dispatch/middleware/show_exceptions.rb:30:in `call'
  railties (4.1.0.rc1) lib/rails/rack/logger.rb:38:in `call_app'
  railties (4.1.0.rc1) lib/rails/rack/logger.rb:20:in `block in call'
  activesupport (4.1.0.rc1) lib/active_support/tagged_logging.rb:68:in `block in tagged'
  activesupport (4.1.0.rc1) lib/active_support/tagged_logging.rb:26:in `tagged'
  activesupport (4.1.0.rc1) lib/active_support/tagged_logging.rb:68:in `tagged'
  railties (4.1.0.rc1) lib/rails/rack/logger.rb:20:in `call'
  actionpack (4.1.0.rc1) lib/action_dispatch/middleware/request_id.rb:21:in `call'
  rack (1.5.2) lib/rack/methodoverride.rb:21:in `call'
  rack (1.5.2) lib/rack/runtime.rb:17:in `call'
  activesupport (4.1.0.rc1) lib/active_support/cache/strategy/local_cache.rb:87:in `call'
  rack (1.5.2) lib/rack/lock.rb:17:in `call'
  actionpack (4.1.0.rc1) lib/action_dispatch/middleware/static.rb:64:in `call'
  rack (1.5.2) lib/rack/sendfile.rb:112:in `call'
  railties (4.1.0.rc1) lib/rails/engine.rb:515:in `call'
  railties (4.1.0.rc1) lib/rails/application.rb:142:in `call'
  rack (1.5.2) lib/rack/lock.rb:17:in `call'
  rack (1.5.2) lib/rack/content_length.rb:14:in `call'
  rack (1.5.2) lib/rack/handler/webrick.rb:60:in `service'
  /home/rebeca/.rvm/rubies/ruby-2.1.0/lib/ruby/2.1.0/webrick/httpserver.rb:138:in `service'
  /home/rebeca/.rvm/rubies/ruby-2.1.0/lib/ruby/2.1.0/webrick/httpserver.rb:94:in `run'
  /home/rebeca/.rvm/rubies/ruby-2.1.0/lib/ruby/2.1.0/webrick/server.rb:295:in `block in start_thread'


  Rendered /home/rebeca/.rvm/gems/ruby-2.1.0/gems/actionpack-4.1.0.rc1/lib/action_dispatch/middleware/templates/rescues/_source.erb (0.5ms)
  Rendered /home/rebeca/.rvm/gems/ruby-2.1.0/gems/actionpack-4.1.0.rc1/lib/action_dispatch/middleware/templates/rescues/_trace.html.erb (1.2ms)
  Rendered /home/rebeca/.rvm/gems/ruby-2.1.0/gems/actionpack-4.1.0.rc1/lib/action_dispatch/middleware/templates/rescues/_request_and_response.html.erb (0.8ms)
  Rendered /home/rebeca/.rvm/gems/ruby-2.1.0/gems/actionpack-4.1.0.rc1/lib/action_dispatch/middleware/templates/rescues/diagnostics.erb within rescues/layout (10.8ms)
  [1m[36m (4.4ms)[0m  [1mCREATE TABLE "schema_migrations" ("version" character varying(255) NOT NULL) [0m
  [1m[35m (24.2ms)[0m  CREATE UNIQUE INDEX  "unique_schema_migrations" ON "schema_migrations"  ("version")
  [1m[36mActiveRecord::SchemaMigration Load (0.7ms)[0m  [1mSELECT "schema_migrations".* FROM "schema_migrations"[0m
Migrating to CreateProducts (20140303160332)
  [1m[35m (0.2ms)[0m  BEGIN
  [1m[36m (9.8ms)[0m  [1mCREATE TABLE "products" ("id" serial primary key, "name" character varying(255) NOT NULL, "description" text NOT NULL, "registered_at" timestamp NOT NULL, "manufacturer" character varying(255) NOT NULL, "stock" integer NOT NULL, "created_at" timestamp, "updated_at" timestamp) [0m
  [1m[35mSQL (0.3ms)[0m  INSERT INTO "schema_migrations" ("version") VALUES ($1)  [["version", "20140303160332"]]
  [1m[36m (2.8ms)[0m  [1mCOMMIT[0m
  [1m[35mActiveRecord::SchemaMigration Load (0.2ms)[0m  SELECT "schema_migrations".* FROM "schema_migrations"


Started GET "/" for 127.0.0.1 at 2014-03-03 19:14:05 +0100
  [1m[36mActiveRecord::SchemaMigration Load (0.3ms)[0m  [1mSELECT "schema_migrations".* FROM "schema_migrations"[0m
Processing by Rails::WelcomeController#index as HTML
  Rendered /home/rebeca/.rvm/gems/ruby-2.1.0/gems/railties-4.1.0.rc1/lib/rails/templates/rails/welcome/index.html.erb (1.8ms)
Completed 200 OK in 9ms (Views: 8.6ms | ActiveRecord: 0.0ms)


Started GET "/shop" for 127.0.0.1 at 2014-03-03 19:14:49 +0100

ActionController::RoutingError (No route matches [GET] "/shop"):
  actionpack (4.1.0.rc1) lib/action_dispatch/middleware/debug_exceptions.rb:21:in `call'
  actionpack (4.1.0.rc1) lib/action_dispatch/middleware/show_exceptions.rb:30:in `call'
  railties (4.1.0.rc1) lib/rails/rack/logger.rb:38:in `call_app'
  railties (4.1.0.rc1) lib/rails/rack/logger.rb:20:in `block in call'
  activesupport (4.1.0.rc1) lib/active_support/tagged_logging.rb:68:in `block in tagged'
  activesupport (4.1.0.rc1) lib/active_support/tagged_logging.rb:26:in `tagged'
  activesupport (4.1.0.rc1) lib/active_support/tagged_logging.rb:68:in `tagged'
  railties (4.1.0.rc1) lib/rails/rack/logger.rb:20:in `call'
  actionpack (4.1.0.rc1) lib/action_dispatch/middleware/request_id.rb:21:in `call'
  rack (1.5.2) lib/rack/methodoverride.rb:21:in `call'
  rack (1.5.2) lib/rack/runtime.rb:17:in `call'
  activesupport (4.1.0.rc1) lib/active_support/cache/strategy/local_cache.rb:87:in `call'
  rack (1.5.2) lib/rack/lock.rb:17:in `call'
  actionpack (4.1.0.rc1) lib/action_dispatch/middleware/static.rb:64:in `call'
  rack (1.5.2) lib/rack/sendfile.rb:112:in `call'
  railties (4.1.0.rc1) lib/rails/engine.rb:515:in `call'
  railties (4.1.0.rc1) lib/rails/application.rb:142:in `call'
  rack (1.5.2) lib/rack/lock.rb:17:in `call'
  rack (1.5.2) lib/rack/content_length.rb:14:in `call'
  rack (1.5.2) lib/rack/handler/webrick.rb:60:in `service'
  /home/rebeca/.rvm/rubies/ruby-2.1.0/lib/ruby/2.1.0/webrick/httpserver.rb:138:in `service'
  /home/rebeca/.rvm/rubies/ruby-2.1.0/lib/ruby/2.1.0/webrick/httpserver.rb:94:in `run'
  /home/rebeca/.rvm/rubies/ruby-2.1.0/lib/ruby/2.1.0/webrick/server.rb:295:in `block in start_thread'


  Rendered /home/rebeca/.rvm/gems/ruby-2.1.0/gems/actionpack-4.1.0.rc1/lib/action_dispatch/middleware/templates/rescues/_trace.html.erb (0.7ms)
  Rendered /home/rebeca/.rvm/gems/ruby-2.1.0/gems/actionpack-4.1.0.rc1/lib/action_dispatch/middleware/templates/routes/_route.html.erb (1.2ms)
  Rendered /home/rebeca/.rvm/gems/ruby-2.1.0/gems/actionpack-4.1.0.rc1/lib/action_dispatch/middleware/templates/routes/_table.html.erb (32.9ms)
  Rendered /home/rebeca/.rvm/gems/ruby-2.1.0/gems/actionpack-4.1.0.rc1/lib/action_dispatch/middleware/templates/rescues/routing_error.html.erb within rescues/layout (62.5ms)


Started GET "/shops" for 127.0.0.1 at 2014-03-03 19:15:24 +0100

ActionController::RoutingError (No route matches [GET] "/shops"):
  actionpack (4.1.0.rc1) lib/action_dispatch/middleware/debug_exceptions.rb:21:in `call'
  actionpack (4.1.0.rc1) lib/action_dispatch/middleware/show_exceptions.rb:30:in `call'
  railties (4.1.0.rc1) lib/rails/rack/logger.rb:38:in `call_app'
  railties (4.1.0.rc1) lib/rails/rack/logger.rb:20:in `block in call'
  activesupport (4.1.0.rc1) lib/active_support/tagged_logging.rb:68:in `block in tagged'
  activesupport (4.1.0.rc1) lib/active_support/tagged_logging.rb:26:in `tagged'
  activesupport (4.1.0.rc1) lib/active_support/tagged_logging.rb:68:in `tagged'
  railties (4.1.0.rc1) lib/rails/rack/logger.rb:20:in `call'
  actionpack (4.1.0.rc1) lib/action_dispatch/middleware/request_id.rb:21:in `call'
  rack (1.5.2) lib/rack/methodoverride.rb:21:in `call'
  rack (1.5.2) lib/rack/runtime.rb:17:in `call'
  activesupport (4.1.0.rc1) lib/active_support/cache/strategy/local_cache.rb:87:in `call'
  rack (1.5.2) lib/rack/lock.rb:17:in `call'
  actionpack (4.1.0.rc1) lib/action_dispatch/middleware/static.rb:64:in `call'
  rack (1.5.2) lib/rack/sendfile.rb:112:in `call'
  railties (4.1.0.rc1) lib/rails/engine.rb:515:in `call'
  railties (4.1.0.rc1) lib/rails/application.rb:142:in `call'
  rack (1.5.2) lib/rack/lock.rb:17:in `call'
  rack (1.5.2) lib/rack/content_length.rb:14:in `call'
  rack (1.5.2) lib/rack/handler/webrick.rb:60:in `service'
  /home/rebeca/.rvm/rubies/ruby-2.1.0/lib/ruby/2.1.0/webrick/httpserver.rb:138:in `service'
  /home/rebeca/.rvm/rubies/ruby-2.1.0/lib/ruby/2.1.0/webrick/httpserver.rb:94:in `run'
  /home/rebeca/.rvm/rubies/ruby-2.1.0/lib/ruby/2.1.0/webrick/server.rb:295:in `block in start_thread'


  Rendered /home/rebeca/.rvm/gems/ruby-2.1.0/gems/actionpack-4.1.0.rc1/lib/action_dispatch/middleware/templates/rescues/_trace.html.erb (0.9ms)
  Rendered /home/rebeca/.rvm/gems/ruby-2.1.0/gems/actionpack-4.1.0.rc1/lib/action_dispatch/middleware/templates/routes/_route.html.erb (1.0ms)
  Rendered /home/rebeca/.rvm/gems/ruby-2.1.0/gems/actionpack-4.1.0.rc1/lib/action_dispatch/middleware/templates/routes/_table.html.erb (0.9ms)
  Rendered /home/rebeca/.rvm/gems/ruby-2.1.0/gems/actionpack-4.1.0.rc1/lib/action_dispatch/middleware/templates/rescues/routing_error.html.erb within rescues/layout (12.4ms)


Started GET "/products" for 127.0.0.1 at 2014-03-03 19:16:03 +0100
Processing by ProductsController#index as HTML
  [1m[35mProduct Load (0.5ms)[0m  SELECT "products".* FROM "products"
  Rendered products/index.html.erb within layouts/application (2.4ms)
Completed 500 Internal Server Error in 148ms

ActionView::Template::Error (couldn't find file 'turbolinks'
  (in /home/rebeca/shop/app/assets/javascripts/application.js:15)):
    3: <head>
    4:   <title>Shop</title>
    5:   <%= stylesheet_link_tag    'application', media: 'all', 'data-turbolinks-track' => true %>
    6:   <%= javascript_include_tag 'application', 'data-turbolinks-track' => true %>
    7:   <%= csrf_meta_tags %>
    8: </head>
    9: <body>
  app/views/layouts/application.html.erb:6:in `_app_views_layouts_application_html_erb__3437170777057307175_40929300'


  Rendered /home/rebeca/.rvm/gems/ruby-2.1.0/gems/actionpack-4.1.0.rc1/lib/action_dispatch/middleware/templates/rescues/_trace.html.erb (1.3ms)
  Rendered /home/rebeca/.rvm/gems/ruby-2.1.0/gems/actionpack-4.1.0.rc1/lib/action_dispatch/middleware/templates/rescues/_request_and_response.html.erb (33.4ms)
  Rendered /home/rebeca/.rvm/gems/ruby-2.1.0/gems/actionpack-4.1.0.rc1/lib/action_dispatch/middleware/templates/rescues/template_error.html.erb within rescues/layout (42.3ms)


Started GET "/product" for 127.0.0.1 at 2014-03-03 19:16:10 +0100

ActionController::RoutingError (No route matches [GET] "/product"):
  actionpack (4.1.0.rc1) lib/action_dispatch/middleware/debug_exceptions.rb:21:in `call'
  actionpack (4.1.0.rc1) lib/action_dispatch/middleware/show_exceptions.rb:30:in `call'
  railties (4.1.0.rc1) lib/rails/rack/logger.rb:38:in `call_app'
  railties (4.1.0.rc1) lib/rails/rack/logger.rb:20:in `block in call'
  activesupport (4.1.0.rc1) lib/active_support/tagged_logging.rb:68:in `block in tagged'
  activesupport (4.1.0.rc1) lib/active_support/tagged_logging.rb:26:in `tagged'
  activesupport (4.1.0.rc1) lib/active_support/tagged_logging.rb:68:in `tagged'
  railties (4.1.0.rc1) lib/rails/rack/logger.rb:20:in `call'
  actionpack (4.1.0.rc1) lib/action_dispatch/middleware/request_id.rb:21:in `call'
  rack (1.5.2) lib/rack/methodoverride.rb:21:in `call'
  rack (1.5.2) lib/rack/runtime.rb:17:in `call'
  activesupport (4.1.0.rc1) lib/active_support/cache/strategy/local_cache.rb:87:in `call'
  rack (1.5.2) lib/rack/lock.rb:17:in `call'
  actionpack (4.1.0.rc1) lib/action_dispatch/middleware/static.rb:64:in `call'
  rack (1.5.2) lib/rack/sendfile.rb:112:in `call'
  railties (4.1.0.rc1) lib/rails/engine.rb:515:in `call'
  railties (4.1.0.rc1) lib/rails/application.rb:142:in `call'
  rack (1.5.2) lib/rack/lock.rb:17:in `call'
  rack (1.5.2) lib/rack/content_length.rb:14:in `call'
  rack (1.5.2) lib/rack/handler/webrick.rb:60:in `service'
  /home/rebeca/.rvm/rubies/ruby-2.1.0/lib/ruby/2.1.0/webrick/httpserver.rb:138:in `service'
  /home/rebeca/.rvm/rubies/ruby-2.1.0/lib/ruby/2.1.0/webrick/httpserver.rb:94:in `run'
  /home/rebeca/.rvm/rubies/ruby-2.1.0/lib/ruby/2.1.0/webrick/server.rb:295:in `block in start_thread'


  Rendered /home/rebeca/.rvm/gems/ruby-2.1.0/gems/actionpack-4.1.0.rc1/lib/action_dispatch/middleware/templates/rescues/_trace.html.erb (1.4ms)
  Rendered /home/rebeca/.rvm/gems/ruby-2.1.0/gems/actionpack-4.1.0.rc1/lib/action_dispatch/middleware/templates/routes/_route.html.erb (1.4ms)
  Rendered /home/rebeca/.rvm/gems/ruby-2.1.0/gems/actionpack-4.1.0.rc1/lib/action_dispatch/middleware/templates/routes/_table.html.erb (1.5ms)
  Rendered /home/rebeca/.rvm/gems/ruby-2.1.0/gems/actionpack-4.1.0.rc1/lib/action_dispatch/middleware/templates/rescues/routing_error.html.erb within rescues/layout (18.0ms)


Started GET "/products" for 127.0.0.1 at 2014-03-03 19:16:18 +0100
Processing by ProductsController#index as HTML
  [1m[36mProduct Load (0.3ms)[0m  [1mSELECT "products".* FROM "products"[0m
  Rendered products/index.html.erb within layouts/application (1.3ms)
Completed 500 Internal Server Error in 15ms

ActionView::Template::Error (couldn't find file 'turbolinks'
  (in /home/rebeca/shop/app/assets/javascripts/application.js:15)):
    3: <head>
    4:   <title>Shop</title>
    5:   <%= stylesheet_link_tag    'application', media: 'all', 'data-turbolinks-track' => true %>
    6:   <%= javascript_include_tag 'application', 'data-turbolinks-track' => true %>
    7:   <%= csrf_meta_tags %>
    8: </head>
    9: <body>
  app/views/layouts/application.html.erb:6:in `_app_views_layouts_application_html_erb__3437170777057307175_40929300'


  Rendered /home/rebeca/.rvm/gems/ruby-2.1.0/gems/actionpack-4.1.0.rc1/lib/action_dispatch/middleware/templates/rescues/_trace.html.erb (1.0ms)
  Rendered /home/rebeca/.rvm/gems/ruby-2.1.0/gems/actionpack-4.1.0.rc1/lib/action_dispatch/middleware/templates/rescues/_request_and_response.html.erb (1.0ms)
  Rendered /home/rebeca/.rvm/gems/ruby-2.1.0/gems/actionpack-4.1.0.rc1/lib/action_dispatch/middleware/templates/rescues/template_error.html.erb within rescues/layout (8.7ms)


Started GET "/products" for 127.0.0.1 at 2014-03-03 19:22:17 +0100
Processing by ProductsController#index as HTML
  [1m[35mProduct Load (0.2ms)[0m  SELECT "products".* FROM "products"
  Rendered products/index.html.erb within layouts/application (0.9ms)
Completed 500 Internal Server Error in 14ms

ActionView::Template::Error (couldn't find file 'turbolinks'
  (in /home/rebeca/shop/app/assets/javascripts/application.js:15)):
    3: <head>
    4:   <title>Shop</title>
    5:   <%= stylesheet_link_tag    'application', media: 'all', 'data-turbolinks-track' => true %>
    6:   <%= javascript_include_tag 'application', 'data-turbolinks-track' => true %>
    7:   <%= csrf_meta_tags %>
    8: </head>
    9: <body>
  app/views/layouts/application.html.erb:6:in `_app_views_layouts_application_html_erb__3437170777057307175_40929300'


  Rendered /home/rebeca/.rvm/gems/ruby-2.1.0/gems/actionpack-4.1.0.rc1/lib/action_dispatch/middleware/templates/rescues/_trace.html.erb (1.1ms)
  Rendered /home/rebeca/.rvm/gems/ruby-2.1.0/gems/actionpack-4.1.0.rc1/lib/action_dispatch/middleware/templates/rescues/_request_and_response.html.erb (1.3ms)
  Rendered /home/rebeca/.rvm/gems/ruby-2.1.0/gems/actionpack-4.1.0.rc1/lib/action_dispatch/middleware/templates/rescues/template_error.html.erb within rescues/layout (8.7ms)


Started GET "/products" for 127.0.0.1 at 2014-03-03 19:22:19 +0100
Processing by ProductsController#index as HTML
  [1m[36mProduct Load (0.2ms)[0m  [1mSELECT "products".* FROM "products"[0m
  Rendered products/index.html.erb within layouts/application (0.8ms)
Completed 500 Internal Server Error in 10ms

ActionView::Template::Error (couldn't find file 'turbolinks'
  (in /home/rebeca/shop/app/assets/javascripts/application.js:15)):
    3: <head>
    4:   <title>Shop</title>
    5:   <%= stylesheet_link_tag    'application', media: 'all', 'data-turbolinks-track' => true %>
    6:   <%= javascript_include_tag 'application', 'data-turbolinks-track' => true %>
    7:   <%= csrf_meta_tags %>
    8: </head>
    9: <body>
  app/views/layouts/application.html.erb:6:in `_app_views_layouts_application_html_erb__3437170777057307175_40929300'


  Rendered /home/rebeca/.rvm/gems/ruby-2.1.0/gems/actionpack-4.1.0.rc1/lib/action_dispatch/middleware/templates/rescues/_trace.html.erb (1.2ms)
  Rendered /home/rebeca/.rvm/gems/ruby-2.1.0/gems/actionpack-4.1.0.rc1/lib/action_dispatch/middleware/templates/rescues/_request_and_response.html.erb (1.6ms)
  Rendered /home/rebeca/.rvm/gems/ruby-2.1.0/gems/actionpack-4.1.0.rc1/lib/action_dispatch/middleware/templates/rescues/template_error.html.erb within rescues/layout (9.5ms)


Started GET "/products" for 127.0.0.1 at 2014-03-03 19:26:11 +0100
  [1m[36mActiveRecord::SchemaMigration Load (0.3ms)[0m  [1mSELECT "schema_migrations".* FROM "schema_migrations"[0m
Processing by ProductsController#index as HTML
  [1m[35mProduct Load (0.3ms)[0m  SELECT "products".* FROM "products"
  Rendered products/index.html.erb within layouts/application (2.8ms)
Completed 200 OK in 459ms (Views: 441.6ms | ActiveRecord: 0.3ms)


Started GET "/assets/products.css?body=1" for 127.0.0.1 at 2014-03-03 19:26:11 +0100


Started GET "/assets/scaffolds.css?body=1" for 127.0.0.1 at 2014-03-03 19:26:11 +0100


Started GET "/assets/jquery.js?body=1" for 127.0.0.1 at 2014-03-03 19:26:11 +0100


Started GET "/assets/products.js?body=1" for 127.0.0.1 at 2014-03-03 19:26:11 +0100


Started GET "/assets/application.css?body=1" for 127.0.0.1 at 2014-03-03 19:26:11 +0100


Started GET "/assets/application.js?body=1" for 127.0.0.1 at 2014-03-03 19:26:11 +0100


Started GET "/assets/jquery_ujs.js?body=1" for 127.0.0.1 at 2014-03-03 19:26:11 +0100


Started GET "/assets/turbolinks.js?body=1" for 127.0.0.1 at 2014-03-03 19:26:11 +0100


Started GET "/products/new" for 127.0.0.1 at 2014-03-03 19:26:14 +0100
Processing by ProductsController#new as HTML
  Rendered products/_form.html.erb (55.2ms)
  Rendered products/new.html.erb within layouts/application (68.6ms)
Completed 200 OK in 122ms (Views: 83.2ms | ActiveRecord: 36.7ms)


Started GET "/products" for 127.0.0.1 at 2014-03-03 19:26:19 +0100
Processing by ProductsController#index as HTML
  [1m[36mProduct Load (0.2ms)[0m  [1mSELECT "products".* FROM "products"[0m
  Rendered products/index.html.erb within layouts/application (1.7ms)
Completed 200 OK in 7ms (Views: 6.0ms | ActiveRecord: 0.2ms)


Started GET "/products/new" for 127.0.0.1 at 2014-03-03 19:26:32 +0100
Processing by ProductsController#new as HTML
  Rendered products/_form.html.erb (5.7ms)
  Rendered products/new.html.erb within layouts/application (6.5ms)
Completed 200 OK in 12ms (Views: 11.6ms | ActiveRecord: 0.0ms)


Started POST "/products" for 127.0.0.1 at 2014-03-03 19:26:40 +0100
Processing by ProductsController#create as HTML
  Parameters: {"utf8"=>"✓", "authenticity_token"=>"rBUf6vi12zo9/JRn7ga0Jw02kyTo4sylenJvnoApVvg=", "product"=>{"name"=>"nuevo", "description"=>"pep", "registered_at(1i)"=>"2014", "registered_at(2i)"=>"3", "registered_at(3i)"=>"3", "registered_at(4i)"=>"18", "registered_at(5i)"=>"26", "manufacturer"=>"", "stock"=>""}, "commit"=>"Create Product"}
  [1m[35m (0.1ms)[0m  BEGIN
  [1m[36m (0.1ms)[0m  [1mROLLBACK[0m
  Rendered products/_form.html.erb (7.4ms)
  Rendered products/new.html.erb within layouts/application (8.6ms)
Completed 200 OK in 15ms (Views: 11.8ms | ActiveRecord: 0.2ms)


Started GET "/assets/products.css?body=1" for 127.0.0.1 at 2014-03-03 19:26:40 +0100


Started GET "/assets/scaffolds.css?body=1" for 127.0.0.1 at 2014-03-03 19:26:40 +0100


Started GET "/assets/application.css?body=1" for 127.0.0.1 at 2014-03-03 19:26:40 +0100


Started GET "/assets/jquery.js?body=1" for 127.0.0.1 at 2014-03-03 19:26:40 +0100


Started GET "/assets/turbolinks.js?body=1" for 127.0.0.1 at 2014-03-03 19:26:40 +0100


Started GET "/assets/jquery_ujs.js?body=1" for 127.0.0.1 at 2014-03-03 19:26:40 +0100


Started GET "/assets/products.js?body=1" for 127.0.0.1 at 2014-03-03 19:26:40 +0100


Started GET "/assets/application.js?body=1" for 127.0.0.1 at 2014-03-03 19:26:40 +0100


Started POST "/products" for 127.0.0.1 at 2014-03-03 19:26:49 +0100
Processing by ProductsController#create as HTML
  Parameters: {"utf8"=>"✓", "authenticity_token"=>"rBUf6vi12zo9/JRn7ga0Jw02kyTo4sylenJvnoApVvg=", "product"=>{"name"=>"nuevo", "description"=>"pep", "registered_at(1i)"=>"2014", "registered_at(2i)"=>"3", "registered_at(3i)"=>"3", "registered_at(4i)"=>"18", "registered_at(5i)"=>"26", "manufacturer"=>"as", "stock"=>"3"}, "commit"=>"Create Product"}
  [1m[35m (0.1ms)[0m  BEGIN
  [1m[36mSQL (42.0ms)[0m  [1mINSERT INTO "products" ("created_at", "description", "manufacturer", "name", "registered_at", "stock", "updated_at") VALUES ($1, $2, $3, $4, $5, $6, $7) RETURNING "id"[0m  [["created_at", "2014-03-03 18:26:49.836196"], ["description", "pep"], ["manufacturer", "as"], ["name", "nuevo"], ["registered_at", "2014-03-03 18:26:00.000000"], ["stock", 3], ["updated_at", "2014-03-03 18:26:49.836196"]]
  [1m[35m (1.4ms)[0m  COMMIT
Redirected to http://localhost:3000/products/1
Completed 302 Found in 82ms (ActiveRecord: 43.7ms)


Started GET "/products/1" for 127.0.0.1 at 2014-03-03 19:26:49 +0100
Processing by ProductsController#show as HTML
  Parameters: {"id"=>"1"}
  [1m[36mProduct Load (0.1ms)[0m  [1mSELECT  "products".* FROM "products"  WHERE "products"."id" = $1 LIMIT 1[0m  [["id", 1]]
  Rendered products/show.html.erb within layouts/application (1.2ms)
Completed 200 OK in 20ms (Views: 17.8ms | ActiveRecord: 0.1ms)


Started GET "/assets/scaffolds.css?body=1" for 127.0.0.1 at 2014-03-03 19:26:50 +0100


Started GET "/assets/jquery.js?body=1" for 127.0.0.1 at 2014-03-03 19:26:50 +0100


Started GET "/assets/products.css?body=1" for 127.0.0.1 at 2014-03-03 19:26:50 +0100


Started GET "/assets/turbolinks.js?body=1" for 127.0.0.1 at 2014-03-03 19:26:50 +0100


Started GET "/assets/jquery_ujs.js?body=1" for 127.0.0.1 at 2014-03-03 19:26:50 +0100


Started GET "/assets/application.css?body=1" for 127.0.0.1 at 2014-03-03 19:26:50 +0100


Started GET "/assets/products.js?body=1" for 127.0.0.1 at 2014-03-03 19:26:50 +0100


Started GET "/assets/application.js?body=1" for 127.0.0.1 at 2014-03-03 19:26:50 +0100


Started GET "/products/1/edit" for 127.0.0.1 at 2014-03-03 19:26:52 +0100
Processing by ProductsController#edit as HTML
  Parameters: {"id"=>"1"}
  [1m[35mProduct Load (0.2ms)[0m  SELECT  "products".* FROM "products"  WHERE "products"."id" = $1 LIMIT 1  [["id", 1]]
  Rendered products/_form.html.erb (29.1ms)
  Rendered products/edit.html.erb within layouts/application (30.6ms)
Completed 200 OK in 58ms (Views: 56.9ms | ActiveRecord: 0.2ms)


Started PATCH "/products/1" for 127.0.0.1 at 2014-03-03 19:26:54 +0100
Processing by ProductsController#update as HTML
  Parameters: {"utf8"=>"✓", "authenticity_token"=>"rBUf6vi12zo9/JRn7ga0Jw02kyTo4sylenJvnoApVvg=", "product"=>{"name"=>"nuevo", "description"=>"pep", "registered_at(1i)"=>"2014", "registered_at(2i)"=>"3", "registered_at(3i)"=>"3", "registered_at(4i)"=>"18", "registered_at(5i)"=>"26", "manufacturer"=>"as", "stock"=>"3"}, "commit"=>"Update Product", "id"=>"1"}
  [1m[36mProduct Load (0.2ms)[0m  [1mSELECT  "products".* FROM "products"  WHERE "products"."id" = $1 LIMIT 1[0m  [["id", 1]]
  [1m[35m (0.1ms)[0m  BEGIN
  [1m[36m (0.1ms)[0m  [1mCOMMIT[0m
Redirected to http://localhost:3000/products/1
Completed 302 Found in 3ms (ActiveRecord: 0.5ms)


Started GET "/products/1" for 127.0.0.1 at 2014-03-03 19:26:54 +0100
Processing by ProductsController#show as HTML
  Parameters: {"id"=>"1"}
  [1m[35mProduct Load (0.2ms)[0m  SELECT  "products".* FROM "products"  WHERE "products"."id" = $1 LIMIT 1  [["id", 1]]
  Rendered products/show.html.erb within layouts/application (0.4ms)
Completed 200 OK in 5ms (Views: 3.4ms | ActiveRecord: 0.2ms)


Started GET "/assets/scaffolds.css?body=1" for 127.0.0.1 at 2014-03-03 19:26:54 +0100


Started GET "/assets/products.css?body=1" for 127.0.0.1 at 2014-03-03 19:26:54 +0100


Started GET "/assets/application.css?body=1" for 127.0.0.1 at 2014-03-03 19:26:54 +0100


Started GET "/assets/jquery.js?body=1" for 127.0.0.1 at 2014-03-03 19:26:54 +0100


Started GET "/assets/jquery_ujs.js?body=1" for 127.0.0.1 at 2014-03-03 19:26:54 +0100


Started GET "/assets/turbolinks.js?body=1" for 127.0.0.1 at 2014-03-03 19:26:54 +0100


Started GET "/assets/products.js?body=1" for 127.0.0.1 at 2014-03-03 19:26:54 +0100


Started GET "/assets/application.js?body=1" for 127.0.0.1 at 2014-03-03 19:26:54 +0100
  [1m[36m (13.2ms)[0m  [1mCREATE TABLE "schema_migrations" ("version" character varying(255) NOT NULL) [0m
  [1m[35m (23.1ms)[0m  CREATE UNIQUE INDEX  "unique_schema_migrations" ON "schema_migrations"  ("version")
  [1m[36mActiveRecord::SchemaMigration Load (0.2ms)[0m  [1mSELECT "schema_migrations".* FROM "schema_migrations"[0m
Migrating to CreateProducts (20140303160332)
  [1m[35m (0.1ms)[0m  BEGIN
  [1m[36m (13.4ms)[0m  [1mCREATE TABLE "products" ("id" serial primary key, "name" character varying(255) NOT NULL, "description" text NOT NULL, "registered_at" timestamp NOT NULL, "manufacturer" character varying(255) NOT NULL, "stock" integer NOT NULL, "created_at" timestamp, "updated_at" timestamp) [0m
  [1m[35mSQL (0.2ms)[0m  INSERT INTO "schema_migrations" ("version") VALUES ($1)  [["version", "20140303160332"]]
  [1m[36m (1.9ms)[0m  [1mCOMMIT[0m
  [1m[35mActiveRecord::SchemaMigration Load (0.2ms)[0m  SELECT "schema_migrations".* FROM "schema_migrations"


Started GET "/en/credit_lines" for 127.0.0.1 at 2014-03-04 16:20:57 +0100
  [1m[36mActiveRecord::SchemaMigration Load (4.7ms)[0m  [1mSELECT "schema_migrations".* FROM "schema_migrations"[0m

ActionController::RoutingError (No route matches [GET] "/en/credit_lines"):
  actionpack (4.1.0.rc1) lib/action_dispatch/middleware/debug_exceptions.rb:21:in `call'
  actionpack (4.1.0.rc1) lib/action_dispatch/middleware/show_exceptions.rb:30:in `call'
  railties (4.1.0.rc1) lib/rails/rack/logger.rb:38:in `call_app'
  railties (4.1.0.rc1) lib/rails/rack/logger.rb:20:in `block in call'
  activesupport (4.1.0.rc1) lib/active_support/tagged_logging.rb:68:in `block in tagged'
  activesupport (4.1.0.rc1) lib/active_support/tagged_logging.rb:26:in `tagged'
  activesupport (4.1.0.rc1) lib/active_support/tagged_logging.rb:68:in `tagged'
  railties (4.1.0.rc1) lib/rails/rack/logger.rb:20:in `call'
  actionpack (4.1.0.rc1) lib/action_dispatch/middleware/request_id.rb:21:in `call'
  rack (1.5.2) lib/rack/methodoverride.rb:21:in `call'
  rack (1.5.2) lib/rack/runtime.rb:17:in `call'
  activesupport (4.1.0.rc1) lib/active_support/cache/strategy/local_cache.rb:87:in `call'
  rack (1.5.2) lib/rack/lock.rb:17:in `call'
  actionpack (4.1.0.rc1) lib/action_dispatch/middleware/static.rb:64:in `call'
  rack (1.5.2) lib/rack/sendfile.rb:112:in `call'
  railties (4.1.0.rc1) lib/rails/engine.rb:515:in `call'
  railties (4.1.0.rc1) lib/rails/application.rb:142:in `call'
  rack (1.5.2) lib/rack/lock.rb:17:in `call'
  rack (1.5.2) lib/rack/content_length.rb:14:in `call'
  rack (1.5.2) lib/rack/handler/webrick.rb:60:in `service'
  /home/rebeca/.rvm/rubies/ruby-2.1.0/lib/ruby/2.1.0/webrick/httpserver.rb:138:in `service'
  /home/rebeca/.rvm/rubies/ruby-2.1.0/lib/ruby/2.1.0/webrick/httpserver.rb:94:in `run'
  /home/rebeca/.rvm/rubies/ruby-2.1.0/lib/ruby/2.1.0/webrick/server.rb:295:in `block in start_thread'


  Rendered /home/rebeca/.rvm/gems/ruby-2.1.0/gems/actionpack-4.1.0.rc1/lib/action_dispatch/middleware/templates/rescues/_trace.html.erb (1.2ms)
  Rendered /home/rebeca/.rvm/gems/ruby-2.1.0/gems/actionpack-4.1.0.rc1/lib/action_dispatch/middleware/templates/routes/_route.html.erb (1.4ms)
  Rendered /home/rebeca/.rvm/gems/ruby-2.1.0/gems/actionpack-4.1.0.rc1/lib/action_dispatch/middleware/templates/routes/_table.html.erb (7.6ms)
  Rendered /home/rebeca/.rvm/gems/ruby-2.1.0/gems/actionpack-4.1.0.rc1/lib/action_dispatch/middleware/templates/rescues/routing_error.html.erb within rescues/layout (49.0ms)


Started GET "/en/credit_lines" for 127.0.0.1 at 2014-03-04 16:20:59 +0100

ActionController::RoutingError (No route matches [GET] "/en/credit_lines"):
  actionpack (4.1.0.rc1) lib/action_dispatch/middleware/debug_exceptions.rb:21:in `call'
  actionpack (4.1.0.rc1) lib/action_dispatch/middleware/show_exceptions.rb:30:in `call'
  railties (4.1.0.rc1) lib/rails/rack/logger.rb:38:in `call_app'
  railties (4.1.0.rc1) lib/rails/rack/logger.rb:20:in `block in call'
  activesupport (4.1.0.rc1) lib/active_support/tagged_logging.rb:68:in `block in tagged'
  activesupport (4.1.0.rc1) lib/active_support/tagged_logging.rb:26:in `tagged'
  activesupport (4.1.0.rc1) lib/active_support/tagged_logging.rb:68:in `tagged'
  railties (4.1.0.rc1) lib/rails/rack/logger.rb:20:in `call'
  actionpack (4.1.0.rc1) lib/action_dispatch/middleware/request_id.rb:21:in `call'
  rack (1.5.2) lib/rack/methodoverride.rb:21:in `call'
  rack (1.5.2) lib/rack/runtime.rb:17:in `call'
  activesupport (4.1.0.rc1) lib/active_support/cache/strategy/local_cache.rb:87:in `call'
  rack (1.5.2) lib/rack/lock.rb:17:in `call'
  actionpack (4.1.0.rc1) lib/action_dispatch/middleware/static.rb:64:in `call'
  rack (1.5.2) lib/rack/sendfile.rb:112:in `call'
  railties (4.1.0.rc1) lib/rails/engine.rb:515:in `call'
  railties (4.1.0.rc1) lib/rails/application.rb:142:in `call'
  rack (1.5.2) lib/rack/lock.rb:17:in `call'
  rack (1.5.2) lib/rack/content_length.rb:14:in `call'
  rack (1.5.2) lib/rack/handler/webrick.rb:60:in `service'
  /home/rebeca/.rvm/rubies/ruby-2.1.0/lib/ruby/2.1.0/webrick/httpserver.rb:138:in `service'
  /home/rebeca/.rvm/rubies/ruby-2.1.0/lib/ruby/2.1.0/webrick/httpserver.rb:94:in `run'
  /home/rebeca/.rvm/rubies/ruby-2.1.0/lib/ruby/2.1.0/webrick/server.rb:295:in `block in start_thread'


  Rendered /home/rebeca/.rvm/gems/ruby-2.1.0/gems/actionpack-4.1.0.rc1/lib/action_dispatch/middleware/templates/rescues/_trace.html.erb (0.8ms)
  Rendered /home/rebeca/.rvm/gems/ruby-2.1.0/gems/actionpack-4.1.0.rc1/lib/action_dispatch/middleware/templates/routes/_route.html.erb (0.8ms)
  Rendered /home/rebeca/.rvm/gems/ruby-2.1.0/gems/actionpack-4.1.0.rc1/lib/action_dispatch/middleware/templates/routes/_table.html.erb (1.8ms)
  Rendered /home/rebeca/.rvm/gems/ruby-2.1.0/gems/actionpack-4.1.0.rc1/lib/action_dispatch/middleware/templates/rescues/routing_error.html.erb within rescues/layout (21.7ms)


Started GET "/" for 127.0.0.1 at 2014-03-04 16:21:02 +0100
Processing by Rails::WelcomeController#index as HTML
  Rendered /home/rebeca/.rvm/gems/ruby-2.1.0/gems/railties-4.1.0.rc1/lib/rails/templates/rails/welcome/index.html.erb (0.7ms)
Completed 200 OK in 18ms (Views: 2.4ms | ActiveRecord: 0.0ms)


Started GET "/products" for 127.0.0.1 at 2014-03-04 16:21:11 +0100
Processing by ProductsController#index as HTML
  [1m[35mProduct Load (20.4ms)[0m  SELECT "products".* FROM "products"
  Rendered products/index.html.erb within layouts/application (21.9ms)
Completed 200 OK in 98ms (Views: 75.2ms | ActiveRecord: 20.4ms)


Started GET "/assets/products.css?body=1" for 127.0.0.1 at 2014-03-04 16:21:11 +0100


Started GET "/assets/turbolinks.js?body=1" for 127.0.0.1 at 2014-03-04 16:21:11 +0100


Started GET "/assets/application.css?body=1" for 127.0.0.1 at 2014-03-04 16:21:11 +0100


Started GET "/assets/jquery.js?body=1" for 127.0.0.1 at 2014-03-04 16:21:11 +0100


Started GET "/assets/jquery_ujs.js?body=1" for 127.0.0.1 at 2014-03-04 16:21:11 +0100


Started GET "/assets/scaffolds.css?body=1" for 127.0.0.1 at 2014-03-04 16:21:11 +0100


Started GET "/assets/products.js?body=1" for 127.0.0.1 at 2014-03-04 16:21:11 +0100


Started GET "/assets/application.js?body=1" for 127.0.0.1 at 2014-03-04 16:21:11 +0100


Started GET "/products/new" for 127.0.0.1 at 2014-03-04 16:21:13 +0100
Processing by ProductsController#new as HTML
  Rendered products/_form.html.erb (23.2ms)
  Rendered products/new.html.erb within layouts/application (24.4ms)
Completed 200 OK in 60ms (Views: 28.5ms | ActiveRecord: 29.4ms)


Started GET "/products/new" for 127.0.0.1 at 2014-03-04 16:21:33 +0100
Processing by ProductsController#new as HTML
  Rendered products/_form.html.erb (12.9ms)
  Rendered products/new.html.erb within layouts/application (14.7ms)
Completed 200 OK in 23ms (Views: 21.2ms | ActiveRecord: 0.0ms)


Started POST "/products" for 127.0.0.1 at 2014-03-04 16:21:39 +0100
Processing by ProductsController#create as HTML
  Parameters: {"utf8"=>"✓", "authenticity_token"=>"rBUf6vi12zo9/JRn7ga0Jw02kyTo4sylenJvnoApVvg=", "product"=>{"name"=>"gf", "description"=>"gf", "registered_at(1i)"=>"2014", "registered_at(2i)"=>"3", "registered_at(3i)"=>"4", "registered_at(4i)"=>"15", "registered_at(5i)"=>"21", "manufacturer"=>"fgfgfg", "stock"=>"65"}, "commit"=>"Create Product"}
  [1m[36m (0.1ms)[0m  [1mBEGIN[0m
  [1m[35mSQL (42.0ms)[0m  INSERT INTO "products" ("created_at", "description", "manufacturer", "name", "registered_at", "stock", "updated_at") VALUES ($1, $2, $3, $4, $5, $6, $7) RETURNING "id"  [["created_at", "2014-03-04 15:21:39.134601"], ["description", "gf"], ["manufacturer", "fgfgfg"], ["name", "gf"], ["registered_at", "2014-03-04 15:21:00.000000"], ["stock", 65], ["updated_at", "2014-03-04 15:21:39.134601"]]
  [1m[36m (40.4ms)[0m  [1mCOMMIT[0m
Redirected to http://localhost:3000/products/1
Completed 302 Found in 95ms (ActiveRecord: 82.5ms)


Started GET "/products/1" for 127.0.0.1 at 2014-03-04 16:21:39 +0100
Processing by ProductsController#show as HTML
  Parameters: {"id"=>"1"}
  [1m[35mProduct Load (0.4ms)[0m  SELECT  "products".* FROM "products"  WHERE "products"."id" = $1 LIMIT 1  [["id", 1]]
  Rendered products/show.html.erb within layouts/application (3.0ms)
Completed 200 OK in 22ms (Views: 16.9ms | ActiveRecord: 0.4ms)


Started GET "/assets/products.css?body=1" for 127.0.0.1 at 2014-03-04 16:21:39 +0100


Started GET "/assets/scaffolds.css?body=1" for 127.0.0.1 at 2014-03-04 16:21:39 +0100


Started GET "/assets/jquery.js?body=1" for 127.0.0.1 at 2014-03-04 16:21:39 +0100


Started GET "/assets/application.css?body=1" for 127.0.0.1 at 2014-03-04 16:21:39 +0100


Started GET "/assets/jquery_ujs.js?body=1" for 127.0.0.1 at 2014-03-04 16:21:39 +0100


Started GET "/assets/turbolinks.js?body=1" for 127.0.0.1 at 2014-03-04 16:21:39 +0100


Started GET "/assets/products.js?body=1" for 127.0.0.1 at 2014-03-04 16:21:39 +0100


Started GET "/assets/application.js?body=1" for 127.0.0.1 at 2014-03-04 16:21:39 +0100


Started GET "/products" for 127.0.0.1 at 2014-03-04 16:21:41 +0100
Processing by ProductsController#index as HTML
  [1m[36mProduct Load (0.4ms)[0m  [1mSELECT "products".* FROM "products"[0m
  Rendered products/index.html.erb within layouts/application (4.0ms)
Completed 200 OK in 12ms (Views: 10.3ms | ActiveRecord: 0.4ms)


Started GET "/products/new" for 127.0.0.1 at 2014-03-04 16:21:42 +0100
Processing by ProductsController#new as HTML
  Rendered products/_form.html.erb (34.6ms)
  Rendered products/new.html.erb within layouts/application (35.3ms)
Completed 200 OK in 40ms (Views: 39.3ms | ActiveRecord: 0.0ms)


Started POST "/products" for 127.0.0.1 at 2014-03-04 16:21:51 +0100
Processing by ProductsController#create as HTML
  Parameters: {"utf8"=>"✓", "authenticity_token"=>"rBUf6vi12zo9/JRn7ga0Jw02kyTo4sylenJvnoApVvg=", "product"=>{"name"=>"vbvb", "description"=>"bvvbbv", "registered_at(1i)"=>"2014", "registered_at(2i)"=>"3", "registered_at(3i)"=>"4", "registered_at(4i)"=>"15", "registered_at(5i)"=>"21", "manufacturer"=>"ty", "stock"=>"56"}, "commit"=>"Create Product"}
  [1m[35m (0.1ms)[0m  BEGIN
  [1m[36mSQL (0.4ms)[0m  [1mINSERT INTO "products" ("created_at", "description", "manufacturer", "name", "registered_at", "stock", "updated_at") VALUES ($1, $2, $3, $4, $5, $6, $7) RETURNING "id"[0m  [["created_at", "2014-03-04 15:21:51.856780"], ["description", "bvvbbv"], ["manufacturer", "ty"], ["name", "vbvb"], ["registered_at", "2014-03-04 15:21:00.000000"], ["stock", 56], ["updated_at", "2014-03-04 15:21:51.856780"]]
  [1m[35m (19.1ms)[0m  COMMIT
Redirected to http://localhost:3000/products/2
Completed 302 Found in 23ms (ActiveRecord: 19.6ms)


Started GET "/products/2" for 127.0.0.1 at 2014-03-04 16:21:51 +0100
Processing by ProductsController#show as HTML
  Parameters: {"id"=>"2"}
  [1m[36mProduct Load (0.2ms)[0m  [1mSELECT  "products".* FROM "products"  WHERE "products"."id" = $1 LIMIT 1[0m  [["id", 2]]
  Rendered products/show.html.erb within layouts/application (0.4ms)
Completed 200 OK in 6ms (Views: 4.4ms | ActiveRecord: 0.2ms)


Started GET "/assets/scaffolds.css?body=1" for 127.0.0.1 at 2014-03-04 16:21:51 +0100


Started GET "/assets/products.css?body=1" for 127.0.0.1 at 2014-03-04 16:21:51 +0100


Started GET "/assets/application.css?body=1" for 127.0.0.1 at 2014-03-04 16:21:51 +0100


Started GET "/assets/turbolinks.js?body=1" for 127.0.0.1 at 2014-03-04 16:21:51 +0100


Started GET "/assets/jquery.js?body=1" for 127.0.0.1 at 2014-03-04 16:21:51 +0100


Started GET "/assets/jquery_ujs.js?body=1" for 127.0.0.1 at 2014-03-04 16:21:51 +0100


Started GET "/assets/products.js?body=1" for 127.0.0.1 at 2014-03-04 16:21:51 +0100


Started GET "/assets/application.js?body=1" for 127.0.0.1 at 2014-03-04 16:21:51 +0100


Started GET "/products" for 127.0.0.1 at 2014-03-04 16:21:54 +0100
Processing by ProductsController#index as HTML
  [1m[35mProduct Load (0.3ms)[0m  SELECT "products".* FROM "products"
  Rendered products/index.html.erb within layouts/application (2.7ms)
Completed 200 OK in 8ms (Views: 7.1ms | ActiveRecord: 0.3ms)


Started GET "/products/1/edit" for 127.0.0.1 at 2014-03-04 16:21:56 +0100
Processing by ProductsController#edit as HTML
  Parameters: {"id"=>"1"}
  [1m[36mProduct Load (0.2ms)[0m  [1mSELECT  "products".* FROM "products"  WHERE "products"."id" = $1 LIMIT 1[0m  [["id", 1]]
  Rendered products/_form.html.erb (6.1ms)
  Rendered products/edit.html.erb within layouts/application (7.7ms)
Completed 200 OK in 14ms (Views: 12.8ms | ActiveRecord: 0.2ms)


Started PATCH "/products/1" for 127.0.0.1 at 2014-03-04 16:22:00 +0100
Processing by ProductsController#update as HTML
  Parameters: {"utf8"=>"✓", "authenticity_token"=>"rBUf6vi12zo9/JRn7ga0Jw02kyTo4sylenJvnoApVvg=", "product"=>{"name"=>"gfuyuuyuy", "description"=>"gf", "registered_at(1i)"=>"2014", "registered_at(2i)"=>"3", "registered_at(3i)"=>"4", "registered_at(4i)"=>"15", "registered_at(5i)"=>"21", "manufacturer"=>"fgfgfg", "stock"=>"65"}, "commit"=>"Update Product", "id"=>"1"}
  [1m[35mProduct Load (0.2ms)[0m  SELECT  "products".* FROM "products"  WHERE "products"."id" = $1 LIMIT 1  [["id", 1]]
  [1m[36m (0.1ms)[0m  [1mBEGIN[0m
  [1m[35mSQL (0.2ms)[0m  UPDATE "products" SET "name" = $1, "updated_at" = $2 WHERE "products"."id" = 1  [["name", "gfuyuuyuy"], ["updated_at", "2014-03-04 15:22:00.742887"]]
  [1m[36m (2.9ms)[0m  [1mCOMMIT[0m
Redirected to http://localhost:3000/products/1
Completed 302 Found in 16ms (ActiveRecord: 3.3ms)


Started GET "/products/1" for 127.0.0.1 at 2014-03-04 16:22:00 +0100
Processing by ProductsController#show as HTML
  Parameters: {"id"=>"1"}
  [1m[35mProduct Load (0.2ms)[0m  SELECT  "products".* FROM "products"  WHERE "products"."id" = $1 LIMIT 1  [["id", 1]]
  Rendered products/show.html.erb within layouts/application (0.4ms)
Completed 200 OK in 8ms (Views: 6.3ms | ActiveRecord: 0.2ms)


Started GET "/assets/products.css?body=1" for 127.0.0.1 at 2014-03-04 16:22:00 +0100


Started GET "/assets/application.css?body=1" for 127.0.0.1 at 2014-03-04 16:22:00 +0100


Started GET "/assets/jquery.js?body=1" for 127.0.0.1 at 2014-03-04 16:22:00 +0100


Started GET "/assets/scaffolds.css?body=1" for 127.0.0.1 at 2014-03-04 16:22:00 +0100


Started GET "/assets/turbolinks.js?body=1" for 127.0.0.1 at 2014-03-04 16:22:00 +0100


Started GET "/assets/jquery_ujs.js?body=1" for 127.0.0.1 at 2014-03-04 16:22:00 +0100


Started GET "/assets/products.js?body=1" for 127.0.0.1 at 2014-03-04 16:22:00 +0100


Started GET "/assets/application.js?body=1" for 127.0.0.1 at 2014-03-04 16:22:00 +0100


Started GET "/products" for 127.0.0.1 at 2014-03-04 16:22:02 +0100
Processing by ProductsController#index as HTML
  [1m[36mProduct Load (0.3ms)[0m  [1mSELECT "products".* FROM "products"[0m
  Rendered products/index.html.erb within layouts/application (1.9ms)
Completed 200 OK in 7ms (Views: 5.9ms | ActiveRecord: 0.3ms)


Started DELETE "/products/1" for 127.0.0.1 at 2014-03-04 16:22:04 +0100
Processing by ProductsController#destroy as HTML
  Parameters: {"authenticity_token"=>"rBUf6vi12zo9/JRn7ga0Jw02kyTo4sylenJvnoApVvg=", "id"=>"1"}
  [1m[35mProduct Load (0.2ms)[0m  SELECT  "products".* FROM "products"  WHERE "products"."id" = $1 LIMIT 1  [["id", 1]]
  [1m[36m (0.1ms)[0m  [1mBEGIN[0m
  [1m[35mSQL (0.1ms)[0m  DELETE FROM "products" WHERE "products"."id" = $1  [["id", 1]]
  [1m[36m (1.6ms)[0m  [1mCOMMIT[0m
Redirected to http://localhost:3000/products
Completed 302 Found in 4ms (ActiveRecord: 2.1ms)


Started GET "/products" for 127.0.0.1 at 2014-03-04 16:22:04 +0100
Processing by ProductsController#index as HTML
  [1m[35mProduct Load (0.2ms)[0m  SELECT "products".* FROM "products"
  Rendered products/index.html.erb within layouts/application (1.1ms)
Completed 200 OK in 5ms (Views: 4.1ms | ActiveRecord: 0.2ms)


Started GET "/assets/products.css?body=1" for 127.0.0.1 at 2014-03-04 16:22:04 +0100


Started GET "/assets/scaffolds.css?body=1" for 127.0.0.1 at 2014-03-04 16:22:04 +0100


Started GET "/assets/application.css?body=1" for 127.0.0.1 at 2014-03-04 16:22:04 +0100


Started GET "/assets/jquery.js?body=1" for 127.0.0.1 at 2014-03-04 16:22:04 +0100


Started GET "/assets/turbolinks.js?body=1" for 127.0.0.1 at 2014-03-04 16:22:04 +0100


Started GET "/assets/jquery_ujs.js?body=1" for 127.0.0.1 at 2014-03-04 16:22:04 +0100


Started GET "/assets/products.js?body=1" for 127.0.0.1 at 2014-03-04 16:22:04 +0100


Started GET "/assets/application.js?body=1" for 127.0.0.1 at 2014-03-04 16:22:04 +0100


Started DELETE "/products/2" for 127.0.0.1 at 2014-03-04 16:22:07 +0100
Processing by ProductsController#destroy as HTML
  Parameters: {"authenticity_token"=>"rBUf6vi12zo9/JRn7ga0Jw02kyTo4sylenJvnoApVvg=", "id"=>"2"}
  [1m[36mProduct Load (0.2ms)[0m  [1mSELECT  "products".* FROM "products"  WHERE "products"."id" = $1 LIMIT 1[0m  [["id", 2]]
  [1m[35m (0.1ms)[0m  BEGIN
  [1m[36mSQL (0.1ms)[0m  [1mDELETE FROM "products" WHERE "products"."id" = $1[0m  [["id", 2]]
  [1m[35m (1.7ms)[0m  COMMIT
Redirected to http://localhost:3000/products
Completed 302 Found in 4ms (ActiveRecord: 2.2ms)


Started GET "/products" for 127.0.0.1 at 2014-03-04 16:22:07 +0100
Processing by ProductsController#index as HTML
  [1m[36mProduct Load (0.3ms)[0m  [1mSELECT "products".* FROM "products"[0m
  Rendered products/index.html.erb within layouts/application (0.7ms)
Completed 200 OK in 5ms (Views: 3.7ms | ActiveRecord: 0.3ms)


Started GET "/assets/products.css?body=1" for 127.0.0.1 at 2014-03-04 16:22:07 +0100


Started GET "/assets/scaffolds.css?body=1" for 127.0.0.1 at 2014-03-04 16:22:07 +0100


Started GET "/assets/application.css?body=1" for 127.0.0.1 at 2014-03-04 16:22:07 +0100


Started GET "/assets/application.js?body=1" for 127.0.0.1 at 2014-03-04 16:22:07 +0100


Started GET "/assets/jquery.js?body=1" for 127.0.0.1 at 2014-03-04 16:22:07 +0100


Started GET "/assets/jquery_ujs.js?body=1" for 127.0.0.1 at 2014-03-04 16:22:07 +0100


Started GET "/assets/products.js?body=1" for 127.0.0.1 at 2014-03-04 16:22:07 +0100


Started GET "/assets/turbolinks.js?body=1" for 127.0.0.1 at 2014-03-04 16:22:07 +0100
